[ 50%] Building CXX object CMakeFiles/GigaVacuumMobil.dir/src/diffdrive_hardware.cpp.o
/home/adam-warn/GigaVacuumMobil/src/GigaVacuumMobil/src/diffdrive_hardware.cpp: In member function ‘virtual hardware_interface::CallbackReturn GigaVacuumMobil::DiffDriveHardware::on_init(const hardware_interface::HardwareInfo&)’:
/home/adam-warn/GigaVacuumMobil/src/GigaVacuumMobil/src/diffdrive_hardware.cpp:25:49: warning: ‘virtual rclcpp_lifecycle::node_interfaces::LifecycleNodeInterface::CallbackReturn hardware_interface::HardwareComponentInterface::on_init(const hardware_interface::HardwareInfo&)’ is deprecated: Use on_init(const HardwareComponentInterfaceParams & params) instead. [-Wdeprecated-declarations]
   25 |     hardware_interface::SystemInterface::on_init(info) !=
      |     ~~~~~~~~~~~~~~~~~~~~~~~~~~~~~~~~~~~~~~~~~~~~^~~~~~
In file included from /opt/ros/jazzy/include/hardware_interface/hardware_interface/system_interface.hpp:18,
                 from /home/adam-warn/GigaVacuumMobil/src/GigaVacuumMobil/include/GigaVacuumMobil/diffdrive_hardware.hpp:10,
                 from /home/adam-warn/GigaVacuumMobil/src/GigaVacuumMobil/src/diffdrive_hardware.cpp:1:
/opt/ros/jazzy/include/hardware_interface/hardware_interface/hardware_component_interface.hpp:226:26: note: declared here
  226 |   virtual CallbackReturn on_init(const HardwareInfo & hardware_info)
      |                          ^~~~~~~
/home/adam-warn/GigaVacuumMobil/src/GigaVacuumMobil/include/GigaVacuumMobil/diffdrive_hardware.hpp: In instantiation of ‘B* class_loader::impl::MetaObject<C, B>::create() const [with C = GigaVacuumMobil::DiffDriveHardware; B = hardware_interface::SystemInterface]’:
/opt/ros/jazzy/include/class_loader/class_loader/meta_object.hpp:216:7:   required from here
/home/adam-warn/GigaVacuumMobil/src/GigaVacuumMobil/include/GigaVacuumMobil/diffdrive_hardware.hpp:20:7: warning: ‘control_toolbox::Pid::Pid(double, double, double, double, double, bool)’ is deprecated: Use constructor with AntiWindupStrategy only. [-Wdeprecated-declarations]
   20 | class DiffDriveHardware : public hardware_interface::SystemInterface
      |       ^~~~~~~~~~~~~~~~~
In file included from /home/adam-warn/GigaVacuumMobil/src/GigaVacuumMobil/include/GigaVacuumMobil/diffdrive_hardware.hpp:16:
/opt/ros/jazzy/include/control_toolbox/control_toolbox/pid.hpp:458:3: note: declared here
  458 |   Pid(
      |   ^~~
/home/adam-warn/GigaVacuumMobil/src/GigaVacuumMobil/include/GigaVacuumMobil/diffdrive_hardware.hpp:20:7: warning: ‘control_toolbox::Pid::Pid(double, double, double, double, double, bool)’ is deprecated: Use constructor with AntiWindupStrategy only. [-Wdeprecated-declarations]
   20 | class DiffDriveHardware : public hardware_interface::SystemInterface
      |       ^~~~~~~~~~~~~~~~~
/opt/ros/jazzy/include/control_toolbox/control_toolbox/pid.hpp:458:3: note: declared here
  458 |   Pid(
      |   ^~~
In file included from /opt/ros/jazzy/include/class_loader/class_loader/class_loader_core.hpp:58,
                 from /opt/ros/jazzy/include/class_loader/class_loader/class_loader.hpp:55,
                 from /opt/ros/jazzy/include/pluginlib/pluginlib/class_list_macros.hpp:40,
                 from /home/adam-warn/GigaVacuumMobil/src/GigaVacuumMobil/src/diffdrive_hardware.cpp:349:
/opt/ros/jazzy/include/class_loader/class_loader/meta_object.hpp:218:12: note: synthesized method ‘GigaVacuumMobil::DiffDriveHardware::DiffDriveHardware()’ first required here
  218 |     return new C;
      |            ^~~~~
[100%] Linking CXX shared library libGigaVacuumMobil.so
[100%] Built target GigaVacuumMobil
-- Install configuration: ""
-- Execute custom install script
-- Up-to-date symlink: /home/adam-warn/GigaVacuumMobil/install/GigaVacuumMobil/share/GigaVacuumMobil//GigaVacuumMobil.xml
-- Up-to-date symlink: /home/adam-warn/GigaVacuumMobil/install/GigaVacuumMobil/lib/libGigaVacuumMobil.so
-- Up-to-date symlink: /home/adam-warn/GigaVacuumMobil/install/GigaVacuumMobil/include/GigaVacuumMobil/GigaVacuumMobil/diffdrive_hardware.hpp
-- Up-to-date symlink: /home/adam-warn/GigaVacuumMobil/install/GigaVacuumMobil/share/GigaVacuumMobil//launch/robot.launch.py
-- Up-to-date symlink: /home/adam-warn/GigaVacuumMobil/install/GigaVacuumMobil/share/GigaVacuumMobil//config/controllers.yaml
-- Up-to-date symlink: /home/adam-warn/GigaVacuumMobil/install/GigaVacuumMobil/share/GigaVacuumMobil//config/robot.rviz
-- Up-to-date symlink: /home/adam-warn/GigaVacuumMobil/install/GigaVacuumMobil/share/GigaVacuumMobil//urdf/GigaVacuumMobile.urdf.xacro
-- Up-to-date symlink: /home/adam-warn/GigaVacuumMobil/install/GigaVacuumMobil/share/GigaVacuumMobil//arduino/encoder_motor_driver.ino
-- Up-to-date symlink: /home/adam-warn/GigaVacuumMobil/install/GigaVacuumMobil/share/GigaVacuumMobil/environment/library_path.sh
-- Up-to-date symlink: /home/adam-warn/GigaVacuumMobil/install/GigaVacuumMobil/share/GigaVacuumMobil/environment/library_path.dsv
-- Up-to-date symlink: /home/adam-warn/GigaVacuumMobil/install/GigaVacuumMobil/share/ament_index/resource_index/package_run_dependencies/GigaVacuumMobil
-- Up-to-date symlink: /home/adam-warn/GigaVacuumMobil/install/GigaVacuumMobil/share/ament_index/resource_index/parent_prefix_path/GigaVacuumMobil
-- Up-to-date symlink: /home/adam-warn/GigaVacuumMobil/install/GigaVacuumMobil/share/GigaVacuumMobil/environment/ament_prefix_path.sh
-- Up-to-date symlink: /home/adam-warn/GigaVacuumMobil/install/GigaVacuumMobil/share/GigaVacuumMobil/environment/ament_prefix_path.dsv
-- Up-to-date symlink: /home/adam-warn/GigaVacuumMobil/install/GigaVacuumMobil/share/GigaVacuumMobil/environment/path.sh
-- Up-to-date symlink: /home/adam-warn/GigaVacuumMobil/install/GigaVacuumMobil/share/GigaVacuumMobil/environment/path.dsv
-- Up-to-date symlink: /home/adam-warn/GigaVacuumMobil/install/GigaVacuumMobil/share/GigaVacuumMobil/local_setup.bash
-- Up-to-date symlink: /home/adam-warn/GigaVacuumMobil/install/GigaVacuumMobil/share/GigaVacuumMobil/local_setup.sh
-- Up-to-date symlink: /home/adam-warn/GigaVacuumMobil/install/GigaVacuumMobil/share/GigaVacuumMobil/local_setup.zsh
-- Up-to-date symlink: /home/adam-warn/GigaVacuumMobil/install/GigaVacuumMobil/share/GigaVacuumMobil/local_setup.dsv
-- Symlinking: /home/adam-warn/GigaVacuumMobil/install/GigaVacuumMobil/share/GigaVacuumMobil/package.dsv
-- Up-to-date symlink: /home/adam-warn/GigaVacuumMobil/install/GigaVacuumMobil/share/ament_index/resource_index/packages/GigaVacuumMobil
-- Up-to-date symlink: /home/adam-warn/GigaVacuumMobil/install/GigaVacuumMobil/share/ament_index/resource_index/hardware_interface__pluginlib__plugin/GigaVacuumMobil
-- Up-to-date symlink: /home/adam-warn/GigaVacuumMobil/install/GigaVacuumMobil/share/GigaVacuumMobil/cmake/ament_cmake_export_include_directories-extras.cmake
-- Up-to-date symlink: /home/adam-warn/GigaVacuumMobil/install/GigaVacuumMobil/share/GigaVacuumMobil/cmake/ament_cmake_export_libraries-extras.cmake
-- Up-to-date symlink: /home/adam-warn/GigaVacuumMobil/install/GigaVacuumMobil/share/GigaVacuumMobil/cmake/ament_cmake_export_dependencies-extras.cmake
-- Up-to-date symlink: /home/adam-warn/GigaVacuumMobil/install/GigaVacuumMobil/share/GigaVacuumMobil/cmake/GigaVacuumMobilConfig.cmake
-- Up-to-date symlink: /home/adam-warn/GigaVacuumMobil/install/GigaVacuumMobil/share/GigaVacuumMobil/cmake/GigaVacuumMobilConfig-version.cmake
-- Up-to-date symlink: /home/adam-warn/GigaVacuumMobil/install/GigaVacuumMobil/share/GigaVacuumMobil/package.xml
