running egg_info
creating ../../build/map_maintenance/map_maintenance.egg-info
writing ../../build/map_maintenance/map_maintenance.egg-info/PKG-INFO
writing dependency_links to ../../build/map_maintenance/map_maintenance.egg-info/dependency_links.txt
writing entry points to ../../build/map_maintenance/map_maintenance.egg-info/entry_points.txt
writing requirements to ../../build/map_maintenance/map_maintenance.egg-info/requires.txt
writing top-level names to ../../build/map_maintenance/map_maintenance.egg-info/top_level.txt
writing manifest file '../../build/map_maintenance/map_maintenance.egg-info/SOURCES.txt'
reading manifest file '../../build/map_maintenance/map_maintenance.egg-info/SOURCES.txt'
writing manifest file '../../build/map_maintenance/map_maintenance.egg-info/SOURCES.txt'
running build
running build_py
creating /home/adam-warn/GigaVacuumMobil/build/map_maintenance/build
creating /home/adam-warn/GigaVacuumMobil/build/map_maintenance/build/lib
creating /home/adam-warn/GigaVacuumMobil/build/map_maintenance/build/lib/map_maintenance
copying map_maintenance/__init__.py -> /home/adam-warn/GigaVacuumMobil/build/map_maintenance/build/lib/map_maintenance
copying map_maintenance/map_updater_node.py -> /home/adam-warn/GigaVacuumMobil/build/map_maintenance/build/lib/map_maintenance
running install
running install_lib
creating /home/adam-warn/GigaVacuumMobil/install/map_maintenance/lib/python3.12/site-packages/map_maintenance
copying /home/adam-warn/GigaVacuumMobil/build/map_maintenance/build/lib/map_maintenance/__init__.py -> /home/adam-warn/GigaVacuumMobil/install/map_maintenance/lib/python3.12/site-packages/map_maintenance
copying /home/adam-warn/GigaVacuumMobil/build/map_maintenance/build/lib/map_maintenance/map_updater_node.py -> /home/adam-warn/GigaVacuumMobil/install/map_maintenance/lib/python3.12/site-packages/map_maintenance
byte-compiling /home/adam-warn/GigaVacuumMobil/install/map_maintenance/lib/python3.12/site-packages/map_maintenance/__init__.py to __init__.cpython-312.pyc
byte-compiling /home/adam-warn/GigaVacuumMobil/install/map_maintenance/lib/python3.12/site-packages/map_maintenance/map_updater_node.py to map_updater_node.cpython-312.pyc
running install_data
creating /home/adam-warn/GigaVacuumMobil/install/map_maintenance/share/ament_index
creating /home/adam-warn/GigaVacuumMobil/install/map_maintenance/share/ament_index/resource_index
creating /home/adam-warn/GigaVacuumMobil/install/map_maintenance/share/ament_index/resource_index/packages
copying resource/map_maintenance -> /home/adam-warn/GigaVacuumMobil/install/map_maintenance/share/ament_index/resource_index/packages
copying package.xml -> /home/adam-warn/GigaVacuumMobil/install/map_maintenance/share/map_maintenance
running install_egg_info
Copying ../../build/map_maintenance/map_maintenance.egg-info to /home/adam-warn/GigaVacuumMobil/install/map_maintenance/lib/python3.12/site-packages/map_maintenance-0.1.0-py3.12.egg-info
running install_scripts
Installing map_updater_node script to /home/adam-warn/GigaVacuumMobil/install/map_maintenance/lib/map_maintenance
writing list of installed files to '/home/adam-warn/GigaVacuumMobil/build/map_maintenance/install.log'
