[1.203s] Invoking command in '/home/adam-warn/GigaVacuumMobil/src/map_maintenance': DEBUGINFOD_URLS=https://debuginfod.ubuntu.com PYTHONPATH=/home/adam-warn/GigaVacuumMobil/build/map_maintenance/prefix_override:/usr/lib/python3/dist-packages/colcon_core/task/python/colcon_distutils_commands:/home/adam-warn/GigaVacuumMobil/install/map_maintenance/lib/python3.12/site-packages:${PYTHONPATH} /usr/bin/python3 -W ignore:setup.py install is deprecated -W ignore:easy_install command is deprecated setup.py egg_info --egg-base ../../build/map_maintenance build --build-base /home/adam-warn/GigaVacuumMobil/build/map_maintenance/build install --record /home/adam-warn/GigaVacuumMobil/build/map_maintenance/install.log --single-version-externally-managed install_data
[1.501s] running egg_info
[1.501s] creating ../../build/map_maintenance/map_maintenance.egg-info
[1.527s] writing ../../build/map_maintenance/map_maintenance.egg-info/PKG-INFO
[1.527s] writing dependency_links to ../../build/map_maintenance/map_maintenance.egg-info/dependency_links.txt
[1.527s] writing entry points to ../../build/map_maintenance/map_maintenance.egg-info/entry_points.txt
[1.527s] writing requirements to ../../build/map_maintenance/map_maintenance.egg-info/requires.txt
[1.527s] writing top-level names to ../../build/map_maintenance/map_maintenance.egg-info/top_level.txt
[1.528s] writing manifest file '../../build/map_maintenance/map_maintenance.egg-info/SOURCES.txt'
[1.574s] reading manifest file '../../build/map_maintenance/map_maintenance.egg-info/SOURCES.txt'
[1.574s] writing manifest file '../../build/map_maintenance/map_maintenance.egg-info/SOURCES.txt'
[1.575s] running build
[1.575s] running build_py
[1.576s] creating /home/adam-warn/GigaVacuumMobil/build/map_maintenance/build
[1.576s] creating /home/adam-warn/GigaVacuumMobil/build/map_maintenance/build/lib
[1.576s] creating /home/adam-warn/GigaVacuumMobil/build/map_maintenance/build/lib/map_maintenance
[1.576s] copying map_maintenance/__init__.py -> /home/adam-warn/GigaVacuumMobil/build/map_maintenance/build/lib/map_maintenance
[1.576s] copying map_maintenance/map_updater_node.py -> /home/adam-warn/GigaVacuumMobil/build/map_maintenance/build/lib/map_maintenance
[1.576s] running install
[1.582s] running install_lib
[1.606s] creating /home/adam-warn/GigaVacuumMobil/install/map_maintenance/lib/python3.12/site-packages/map_maintenance
[1.606s] copying /home/adam-warn/GigaVacuumMobil/build/map_maintenance/build/lib/map_maintenance/__init__.py -> /home/adam-warn/GigaVacuumMobil/install/map_maintenance/lib/python3.12/site-packages/map_maintenance
[1.606s] copying /home/adam-warn/GigaVacuumMobil/build/map_maintenance/build/lib/map_maintenance/map_updater_node.py -> /home/adam-warn/GigaVacuumMobil/install/map_maintenance/lib/python3.12/site-packages/map_maintenance
[1.607s] byte-compiling /home/adam-warn/GigaVacuumMobil/install/map_maintenance/lib/python3.12/site-packages/map_maintenance/__init__.py to __init__.cpython-312.pyc
[1.607s] byte-compiling /home/adam-warn/GigaVacuumMobil/install/map_maintenance/lib/python3.12/site-packages/map_maintenance/map_updater_node.py to map_updater_node.cpython-312.pyc
[1.609s] running install_data
[1.610s] creating /home/adam-warn/GigaVacuumMobil/install/map_maintenance/share/ament_index
[1.610s] creating /home/adam-warn/GigaVacuumMobil/install/map_maintenance/share/ament_index/resource_index
[1.610s] creating /home/adam-warn/GigaVacuumMobil/install/map_maintenance/share/ament_index/resource_index/packages
[1.610s] copying resource/map_maintenance -> /home/adam-warn/GigaVacuumMobil/install/map_maintenance/share/ament_index/resource_index/packages
[1.610s] copying package.xml -> /home/adam-warn/GigaVacuumMobil/install/map_maintenance/share/map_maintenance
[1.610s] running install_egg_info
[1.638s] Copying ../../build/map_maintenance/map_maintenance.egg-info to /home/adam-warn/GigaVacuumMobil/install/map_maintenance/lib/python3.12/site-packages/map_maintenance-0.1.0-py3.12.egg-info
[1.639s] running install_scripts
[1.808s] Installing map_updater_node script to /home/adam-warn/GigaVacuumMobil/install/map_maintenance/lib/map_maintenance
[1.808s] writing list of installed files to '/home/adam-warn/GigaVacuumMobil/build/map_maintenance/install.log'
[1.839s] Invoked command in '/home/adam-warn/GigaVacuumMobil/src/map_maintenance' returned '0': DEBUGINFOD_URLS=https://debuginfod.ubuntu.com PYTHONPATH=/home/adam-warn/GigaVacuumMobil/build/map_maintenance/prefix_override:/usr/lib/python3/dist-packages/colcon_core/task/python/colcon_distutils_commands:/home/adam-warn/GigaVacuumMobil/install/map_maintenance/lib/python3.12/site-packages:${PYTHONPATH} /usr/bin/python3 -W ignore:setup.py install is deprecated -W ignore:easy_install command is deprecated setup.py egg_info --egg-base ../../build/map_maintenance build --build-base /home/adam-warn/GigaVacuumMobil/build/map_maintenance/build install --record /home/adam-warn/GigaVacuumMobil/build/map_maintenance/install.log --single-version-externally-managed install_data
