[1.237s] Invoking command in '/home/adam-warn/GigaVacuumMobil/src/cleaning_planner': DEBUGINFOD_URLS=https://debuginfod.ubuntu.com PYTHONPATH=/home/adam-warn/GigaVacuumMobil/build/cleaning_planner/prefix_override:/usr/lib/python3/dist-packages/colcon_core/task/python/colcon_distutils_commands:/home/adam-warn/GigaVacuumMobil/install/cleaning_planner/lib/python3.12/site-packages:${PYTHONPATH} /usr/bin/python3 -W ignore:setup.py install is deprecated -W ignore:easy_install command is deprecated setup.py egg_info --egg-base ../../build/cleaning_planner build --build-base /home/adam-warn/GigaVacuumMobil/build/cleaning_planner/build install --record /home/adam-warn/GigaVacuumMobil/build/cleaning_planner/install.log --single-version-externally-managed install_data
[1.640s] running egg_info
[1.670s] writing ../../build/cleaning_planner/cleaning_planner.egg-info/PKG-INFO
[1.670s] writing dependency_links to ../../build/cleaning_planner/cleaning_planner.egg-info/dependency_links.txt
[1.670s] writing entry points to ../../build/cleaning_planner/cleaning_planner.egg-info/entry_points.txt
[1.671s] writing requirements to ../../build/cleaning_planner/cleaning_planner.egg-info/requires.txt
[1.671s] writing top-level names to ../../build/cleaning_planner/cleaning_planner.egg-info/top_level.txt
[1.728s] reading manifest file '../../build/cleaning_planner/cleaning_planner.egg-info/SOURCES.txt'
[1.729s] writing manifest file '../../build/cleaning_planner/cleaning_planner.egg-info/SOURCES.txt'
[1.730s] running build
[1.730s] running build_py
[1.730s] copying cleaning_planner/coverage_planner_node.py -> /home/adam-warn/GigaVacuumMobil/build/cleaning_planner/build/lib/cleaning_planner
[1.730s] copying cleaning_planner/coverage_executor_node.py -> /home/adam-warn/GigaVacuumMobil/build/cleaning_planner/build/lib/cleaning_planner
[1.730s] copying cleaning_planner/waypoint_generator.py -> /home/adam-warn/GigaVacuumMobil/build/cleaning_planner/build/lib/cleaning_planner
[1.731s] copying cleaning_planner/coverage_planner_core.py -> /home/adam-warn/GigaVacuumMobil/build/cleaning_planner/build/lib/cleaning_planner
[1.731s] running install
[1.739s] running install_lib
[1.769s] copying /home/adam-warn/GigaVacuumMobil/build/cleaning_planner/build/lib/cleaning_planner/coverage_planner_node.py -> /home/adam-warn/GigaVacuumMobil/install/cleaning_planner/lib/python3.12/site-packages/cleaning_planner
[1.769s] copying /home/adam-warn/GigaVacuumMobil/build/cleaning_planner/build/lib/cleaning_planner/coverage_executor_node.py -> /home/adam-warn/GigaVacuumMobil/install/cleaning_planner/lib/python3.12/site-packages/cleaning_planner
[1.769s] copying /home/adam-warn/GigaVacuumMobil/build/cleaning_planner/build/lib/cleaning_planner/waypoint_generator.py -> /home/adam-warn/GigaVacuumMobil/install/cleaning_planner/lib/python3.12/site-packages/cleaning_planner
[1.769s] copying /home/adam-warn/GigaVacuumMobil/build/cleaning_planner/build/lib/cleaning_planner/coverage_planner_core.py -> /home/adam-warn/GigaVacuumMobil/install/cleaning_planner/lib/python3.12/site-packages/cleaning_planner
[1.770s] byte-compiling /home/adam-warn/GigaVacuumMobil/install/cleaning_planner/lib/python3.12/site-packages/cleaning_planner/coverage_planner_node.py to coverage_planner_node.cpython-312.pyc
[1.772s] byte-compiling /home/adam-warn/GigaVacuumMobil/install/cleaning_planner/lib/python3.12/site-packages/cleaning_planner/coverage_executor_node.py to coverage_executor_node.cpython-312.pyc
[1.773s] byte-compiling /home/adam-warn/GigaVacuumMobil/install/cleaning_planner/lib/python3.12/site-packages/cleaning_planner/waypoint_generator.py to waypoint_generator.cpython-312.pyc
[1.774s] byte-compiling /home/adam-warn/GigaVacuumMobil/install/cleaning_planner/lib/python3.12/site-packages/cleaning_planner/coverage_planner_core.py to coverage_planner_core.cpython-312.pyc
[1.777s] running install_data
[1.777s] copying package.xml -> /home/adam-warn/GigaVacuumMobil/install/cleaning_planner/share/cleaning_planner
[1.778s] copying launch/coverage_pipeline.launch.py -> /home/adam-warn/GigaVacuumMobil/install/cleaning_planner/share/cleaning_planner/launch
[1.778s] running install_egg_info
[1.811s] removing '/home/adam-warn/GigaVacuumMobil/install/cleaning_planner/lib/python3.12/site-packages/cleaning_planner-0.0.0-py3.12.egg-info' (and everything under it)
[1.811s] Copying ../../build/cleaning_planner/cleaning_planner.egg-info to /home/adam-warn/GigaVacuumMobil/install/cleaning_planner/lib/python3.12/site-packages/cleaning_planner-0.0.0-py3.12.egg-info
[1.813s] running install_scripts
[2.026s] Installing coverage_executor_node script to /home/adam-warn/GigaVacuumMobil/install/cleaning_planner/lib/cleaning_planner
[2.026s] Installing coverage_planner_node script to /home/adam-warn/GigaVacuumMobil/install/cleaning_planner/lib/cleaning_planner
[2.026s] Installing waypoint_generator script to /home/adam-warn/GigaVacuumMobil/install/cleaning_planner/lib/cleaning_planner
[2.026s] writing list of installed files to '/home/adam-warn/GigaVacuumMobil/build/cleaning_planner/install.log'
[2.084s] Invoked command in '/home/adam-warn/GigaVacuumMobil/src/cleaning_planner' returned '0': DEBUGINFOD_URLS=https://debuginfod.ubuntu.com PYTHONPATH=/home/adam-warn/GigaVacuumMobil/build/cleaning_planner/prefix_override:/usr/lib/python3/dist-packages/colcon_core/task/python/colcon_distutils_commands:/home/adam-warn/GigaVacuumMobil/install/cleaning_planner/lib/python3.12/site-packages:${PYTHONPATH} /usr/bin/python3 -W ignore:setup.py install is deprecated -W ignore:easy_install command is deprecated setup.py egg_info --egg-base ../../build/cleaning_planner build --build-base /home/adam-warn/GigaVacuumMobil/build/cleaning_planner/build install --record /home/adam-warn/GigaVacuumMobil/build/cleaning_planner/install.log --single-version-externally-managed install_data
