running egg_info
creating ../../build/cleaning_planner/cleaning_planner.egg-info
writing ../../build/cleaning_planner/cleaning_planner.egg-info/PKG-INFO
writing dependency_links to ../../build/cleaning_planner/cleaning_planner.egg-info/dependency_links.txt
writing entry points to ../../build/cleaning_planner/cleaning_planner.egg-info/entry_points.txt
writing requirements to ../../build/cleaning_planner/cleaning_planner.egg-info/requires.txt
writing top-level names to ../../build/cleaning_planner/cleaning_planner.egg-info/top_level.txt
writing manifest file '../../build/cleaning_planner/cleaning_planner.egg-info/SOURCES.txt'
reading manifest file '../../build/cleaning_planner/cleaning_planner.egg-info/SOURCES.txt'
writing manifest file '../../build/cleaning_planner/cleaning_planner.egg-info/SOURCES.txt'
running build
running build_py
creating /home/adam-warn/GigaVacuumMobil/build/cleaning_planner/build
creating /home/adam-warn/GigaVacuumMobil/build/cleaning_planner/build/lib
creating /home/adam-warn/GigaVacuumMobil/build/cleaning_planner/build/lib/cleaning_planner
copying cleaning_planner/waypoint_generator.py -> /home/adam-warn/GigaVacuumMobil/build/cleaning_planner/build/lib/cleaning_planner
copying cleaning_planner/__init__.py -> /home/adam-warn/GigaVacuumMobil/build/cleaning_planner/build/lib/cleaning_planner
running install
running install_lib
creating /home/adam-warn/GigaVacuumMobil/install/cleaning_planner/lib/python3.12/site-packages/cleaning_planner
copying /home/adam-warn/GigaVacuumMobil/build/cleaning_planner/build/lib/cleaning_planner/waypoint_generator.py -> /home/adam-warn/GigaVacuumMobil/install/cleaning_planner/lib/python3.12/site-packages/cleaning_planner
copying /home/adam-warn/GigaVacuumMobil/build/cleaning_planner/build/lib/cleaning_planner/__init__.py -> /home/adam-warn/GigaVacuumMobil/install/cleaning_planner/lib/python3.12/site-packages/cleaning_planner
byte-compiling /home/adam-warn/GigaVacuumMobil/install/cleaning_planner/lib/python3.12/site-packages/cleaning_planner/waypoint_generator.py to waypoint_generator.cpython-312.pyc
byte-compiling /home/adam-warn/GigaVacuumMobil/install/cleaning_planner/lib/python3.12/site-packages/cleaning_planner/__init__.py to __init__.cpython-312.pyc
running install_data
creating /home/adam-warn/GigaVacuumMobil/install/cleaning_planner/share/ament_index
creating /home/adam-warn/GigaVacuumMobil/install/cleaning_planner/share/ament_index/resource_index
creating /home/adam-warn/GigaVacuumMobil/install/cleaning_planner/share/ament_index/resource_index/packages
copying resource/cleaning_planner -> /home/adam-warn/GigaVacuumMobil/install/cleaning_planner/share/ament_index/resource_index/packages
copying package.xml -> /home/adam-warn/GigaVacuumMobil/install/cleaning_planner/share/cleaning_planner
running install_egg_info
Copying ../../build/cleaning_planner/cleaning_planner.egg-info to /home/adam-warn/GigaVacuumMobil/install/cleaning_planner/lib/python3.12/site-packages/cleaning_planner-0.0.0-py3.12.egg-info
running install_scripts
Installing waypoint_generator script to /home/adam-warn/GigaVacuumMobil/install/cleaning_planner/lib/cleaning_planner
writing list of installed files to '/home/adam-warn/GigaVacuumMobil/build/cleaning_planner/install.log'
