[0.125s] DEBUG:colcon:Command line arguments: ['/usr/bin/colcon', 'build']
[0.125s] DEBUG:colcon:Parsed command line arguments: Namespace(log_base=None, log_level=None, verb_name='build', build_base='build', install_base='install', merge_install=False, symlink_install=False, test_result_base=None, continue_on_error=False, executor='parallel', parallel_workers=12, event_handlers=None, ignore_user_meta=False, metas=['./colcon.meta'], base_paths=['.'], packages_ignore=None, packages_ignore_regex=None, paths=None, packages_up_to=None, packages_up_to_regex=None, packages_above=None, packages_above_and_dependencies=None, packages_above_depth=None, packages_select_by_dep=None, packages_skip_by_dep=None, packages_skip_up_to=None, packages_select_build_failed=False, packages_skip_build_finished=False, packages_select_test_failures=False, packages_skip_test_passed=False, packages_select=None, packages_skip=None, packages_select_regex=None, packages_skip_regex=None, packages_start=None, packages_end=None, allow_overriding=[], cmake_args=None, cmake_target=None, cmake_target_skip_unavailable=False, cmake_clean_cache=False, cmake_clean_first=False, cmake_force_configure=False, ament_cmake_args=None, catkin_cmake_args=None, catkin_skip_building_tests=False, mixin_files=None, mixin=None, verb_parser=<colcon_mixin.mixin.mixin_argument.MixinArgumentDecorator object at 0x76c71da8da90>, verb_extension=<colcon_core.verb.build.BuildVerb object at 0x76c71da8d280>, main=<bound method BuildVerb.main of <colcon_core.verb.build.BuildVerb object at 0x76c71da8d280>>, mixin_verb=('build',))
[0.170s] Level 1:colcon.colcon_core.package_discovery:discover_packages(colcon_meta) check parameters
[0.170s] Level 1:colcon.colcon_core.package_discovery:discover_packages(recursive) check parameters
[0.170s] Level 1:colcon.colcon_core.package_discovery:discover_packages(ignore) check parameters
[0.170s] Level 1:colcon.colcon_core.package_discovery:discover_packages(path) check parameters
[0.170s] Level 1:colcon.colcon_core.package_discovery:discover_packages(colcon_meta) discover
[0.170s] Level 1:colcon.colcon_core.package_discovery:discover_packages(recursive) discover
[0.170s] INFO:colcon.colcon_core.package_discovery:Crawling recursively for packages in '/home/adam-warn/GigaVacuumMobil'
[0.170s] Level 1:colcon.colcon_core.package_identification:_identify(.) by extensions ['ignore', 'ignore_ament_install']
[0.171s] Level 1:colcon.colcon_core.package_identification:_identify(.) by extension 'ignore'
[0.171s] Level 1:colcon.colcon_core.package_identification:_identify(.) by extension 'ignore_ament_install'
[0.171s] Level 1:colcon.colcon_core.package_identification:_identify(.) by extensions ['colcon_pkg']
[0.171s] Level 1:colcon.colcon_core.package_identification:_identify(.) by extension 'colcon_pkg'
[0.171s] Level 1:colcon.colcon_core.package_identification:_identify(.) by extensions ['colcon_meta']
[0.171s] Level 1:colcon.colcon_core.package_identification:_identify(.) by extension 'colcon_meta'
[0.171s] Level 1:colcon.colcon_core.package_identification:_identify(.) by extensions ['ros']
[0.171s] Level 1:colcon.colcon_core.package_identification:_identify(.) by extension 'ros'
[0.203s] Level 1:colcon.colcon_core.package_identification:_identify(.) by extensions ['cmake', 'python']
[0.203s] Level 1:colcon.colcon_core.package_identification:_identify(.) by extension 'cmake'
[0.203s] Level 1:colcon.colcon_core.package_identification:_identify(.) by extension 'python'
[0.203s] Level 1:colcon.colcon_core.package_identification:_identify(.) by extensions ['python_setup_py']
[0.203s] Level 1:colcon.colcon_core.package_identification:_identify(.) by extension 'python_setup_py'
[0.203s] Level 1:colcon.colcon_core.package_identification:_identify(build) by extensions ['ignore', 'ignore_ament_install']
[0.203s] Level 1:colcon.colcon_core.package_identification:_identify(build) by extension 'ignore'
[0.203s] Level 1:colcon.colcon_core.package_identification:_identify(build) ignored
[0.204s] Level 1:colcon.colcon_core.package_identification:_identify(install) by extensions ['ignore', 'ignore_ament_install']
[0.204s] Level 1:colcon.colcon_core.package_identification:_identify(install) by extension 'ignore'
[0.204s] Level 1:colcon.colcon_core.package_identification:_identify(install) ignored
[0.204s] Level 1:colcon.colcon_core.package_identification:_identify(log) by extensions ['ignore', 'ignore_ament_install']
[0.204s] Level 1:colcon.colcon_core.package_identification:_identify(log) by extension 'ignore'
[0.204s] Level 1:colcon.colcon_core.package_identification:_identify(log) ignored
[0.204s] Level 1:colcon.colcon_core.package_identification:_identify(src) by extensions ['ignore', 'ignore_ament_install']
[0.204s] Level 1:colcon.colcon_core.package_identification:_identify(src) by extension 'ignore'
[0.204s] Level 1:colcon.colcon_core.package_identification:_identify(src) by extension 'ignore_ament_install'
[0.204s] Level 1:colcon.colcon_core.package_identification:_identify(src) by extensions ['colcon_pkg']
[0.204s] Level 1:colcon.colcon_core.package_identification:_identify(src) by extension 'colcon_pkg'
[0.204s] Level 1:colcon.colcon_core.package_identification:_identify(src) by extensions ['colcon_meta']
[0.204s] Level 1:colcon.colcon_core.package_identification:_identify(src) by extension 'colcon_meta'
[0.204s] Level 1:colcon.colcon_core.package_identification:_identify(src) by extensions ['ros']
[0.204s] Level 1:colcon.colcon_core.package_identification:_identify(src) by extension 'ros'
[0.205s] Level 1:colcon.colcon_core.package_identification:_identify(src) by extensions ['cmake', 'python']
[0.205s] Level 1:colcon.colcon_core.package_identification:_identify(src) by extension 'cmake'
[0.205s] Level 1:colcon.colcon_core.package_identification:_identify(src) by extension 'python'
[0.205s] Level 1:colcon.colcon_core.package_identification:_identify(src) by extensions ['python_setup_py']
[0.205s] Level 1:colcon.colcon_core.package_identification:_identify(src) by extension 'python_setup_py'
[0.205s] Level 1:colcon.colcon_core.package_identification:_identify(src/GigaVacuumMobil) by extensions ['ignore', 'ignore_ament_install']
[0.205s] Level 1:colcon.colcon_core.package_identification:_identify(src/GigaVacuumMobil) by extension 'ignore'
[0.205s] Level 1:colcon.colcon_core.package_identification:_identify(src/GigaVacuumMobil) by extension 'ignore_ament_install'
[0.205s] Level 1:colcon.colcon_core.package_identification:_identify(src/GigaVacuumMobil) by extensions ['colcon_pkg']
[0.205s] Level 1:colcon.colcon_core.package_identification:_identify(src/GigaVacuumMobil) by extension 'colcon_pkg'
[0.205s] Level 1:colcon.colcon_core.package_identification:_identify(src/GigaVacuumMobil) by extensions ['colcon_meta']
[0.205s] Level 1:colcon.colcon_core.package_identification:_identify(src/GigaVacuumMobil) by extension 'colcon_meta'
[0.205s] Level 1:colcon.colcon_core.package_identification:_identify(src/GigaVacuumMobil) by extensions ['ros']
[0.205s] Level 1:colcon.colcon_core.package_identification:_identify(src/GigaVacuumMobil) by extension 'ros'
[0.209s] DEBUG:colcon.colcon_core.package_identification:Package 'src/GigaVacuumMobil' with type 'ros.ament_cmake' and name 'GigaVacuumMobil'
[0.209s] Level 1:colcon.colcon_core.package_identification:_identify(src/cleaning_planner) by extensions ['ignore', 'ignore_ament_install']
[0.209s] Level 1:colcon.colcon_core.package_identification:_identify(src/cleaning_planner) by extension 'ignore'
[0.209s] Level 1:colcon.colcon_core.package_identification:_identify(src/cleaning_planner) by extension 'ignore_ament_install'
[0.209s] Level 1:colcon.colcon_core.package_identification:_identify(src/cleaning_planner) by extensions ['colcon_pkg']
[0.209s] Level 1:colcon.colcon_core.package_identification:_identify(src/cleaning_planner) by extension 'colcon_pkg'
[0.209s] Level 1:colcon.colcon_core.package_identification:_identify(src/cleaning_planner) by extensions ['colcon_meta']
[0.209s] Level 1:colcon.colcon_core.package_identification:_identify(src/cleaning_planner) by extension 'colcon_meta'
[0.209s] Level 1:colcon.colcon_core.package_identification:_identify(src/cleaning_planner) by extensions ['ros']
[0.209s] Level 1:colcon.colcon_core.package_identification:_identify(src/cleaning_planner) by extension 'ros'
[0.210s] DEBUG:colcon.colcon_core.package_identification:Package 'src/cleaning_planner' with type 'ros.ament_python' and name 'cleaning_planner'
[0.210s] Level 1:colcon.colcon_core.package_discovery:discover_packages(recursive) using defaults
[0.210s] Level 1:colcon.colcon_core.package_discovery:discover_packages(ignore) discover
[0.210s] Level 1:colcon.colcon_core.package_discovery:discover_packages(ignore) using defaults
[0.210s] Level 1:colcon.colcon_core.package_discovery:discover_packages(path) discover
[0.210s] Level 1:colcon.colcon_core.package_discovery:discover_packages(path) using defaults
[0.230s] Level 1:colcon.colcon_core.package_discovery:discover_packages(prefix_path) check parameters
[0.230s] Level 1:colcon.colcon_core.package_discovery:discover_packages(prefix_path) discover
[0.232s] DEBUG:colcon.colcon_installed_package_information.package_discovery:Found 2 installed packages in /home/adam-warn/GigaVacuumMobil/install
[0.234s] DEBUG:colcon.colcon_installed_package_information.package_discovery:Found 422 installed packages in /opt/ros/jazzy
[0.236s] Level 1:colcon.colcon_core.package_discovery:discover_packages(prefix_path) using defaults
[0.304s] Level 5:colcon.colcon_core.verb:set package 'GigaVacuumMobil' build argument 'cmake_args' from command line to 'None'
[0.304s] Level 5:colcon.colcon_core.verb:set package 'GigaVacuumMobil' build argument 'cmake_target' from command line to 'None'
[0.304s] Level 5:colcon.colcon_core.verb:set package 'GigaVacuumMobil' build argument 'cmake_target_skip_unavailable' from command line to 'False'
[0.304s] Level 5:colcon.colcon_core.verb:set package 'GigaVacuumMobil' build argument 'cmake_clean_cache' from command line to 'False'
[0.304s] Level 5:colcon.colcon_core.verb:set package 'GigaVacuumMobil' build argument 'cmake_clean_first' from command line to 'False'
[0.304s] Level 5:colcon.colcon_core.verb:set package 'GigaVacuumMobil' build argument 'cmake_force_configure' from command line to 'False'
[0.304s] Level 5:colcon.colcon_core.verb:set package 'GigaVacuumMobil' build argument 'ament_cmake_args' from command line to 'None'
[0.304s] Level 5:colcon.colcon_core.verb:set package 'GigaVacuumMobil' build argument 'catkin_cmake_args' from command line to 'None'
[0.304s] Level 5:colcon.colcon_core.verb:set package 'GigaVacuumMobil' build argument 'catkin_skip_building_tests' from command line to 'False'
[0.304s] DEBUG:colcon.colcon_core.verb:Building package 'GigaVacuumMobil' with the following arguments: {'ament_cmake_args': None, 'build_base': '/home/adam-warn/GigaVacuumMobil/build/GigaVacuumMobil', 'catkin_cmake_args': None, 'catkin_skip_building_tests': False, 'cmake_args': None, 'cmake_clean_cache': False, 'cmake_clean_first': False, 'cmake_force_configure': False, 'cmake_target': None, 'cmake_target_skip_unavailable': False, 'install_base': '/home/adam-warn/GigaVacuumMobil/install/GigaVacuumMobil', 'merge_install': False, 'path': '/home/adam-warn/GigaVacuumMobil/src/GigaVacuumMobil', 'symlink_install': False, 'test_result_base': None}
[0.305s] Level 5:colcon.colcon_core.verb:set package 'cleaning_planner' build argument 'cmake_args' from command line to 'None'
[0.305s] Level 5:colcon.colcon_core.verb:set package 'cleaning_planner' build argument 'cmake_target' from command line to 'None'
[0.305s] Level 5:colcon.colcon_core.verb:set package 'cleaning_planner' build argument 'cmake_target_skip_unavailable' from command line to 'False'
[0.305s] Level 5:colcon.colcon_core.verb:set package 'cleaning_planner' build argument 'cmake_clean_cache' from command line to 'False'
[0.305s] Level 5:colcon.colcon_core.verb:set package 'cleaning_planner' build argument 'cmake_clean_first' from command line to 'False'
[0.305s] Level 5:colcon.colcon_core.verb:set package 'cleaning_planner' build argument 'cmake_force_configure' from command line to 'False'
[0.305s] Level 5:colcon.colcon_core.verb:set package 'cleaning_planner' build argument 'ament_cmake_args' from command line to 'None'
[0.305s] Level 5:colcon.colcon_core.verb:set package 'cleaning_planner' build argument 'catkin_cmake_args' from command line to 'None'
[0.305s] Level 5:colcon.colcon_core.verb:set package 'cleaning_planner' build argument 'catkin_skip_building_tests' from command line to 'False'
[0.305s] DEBUG:colcon.colcon_core.verb:Building package 'cleaning_planner' with the following arguments: {'ament_cmake_args': None, 'build_base': '/home/adam-warn/GigaVacuumMobil/build/cleaning_planner', 'catkin_cmake_args': None, 'catkin_skip_building_tests': False, 'cmake_args': None, 'cmake_clean_cache': False, 'cmake_clean_first': False, 'cmake_force_configure': False, 'cmake_target': None, 'cmake_target_skip_unavailable': False, 'install_base': '/home/adam-warn/GigaVacuumMobil/install/cleaning_planner', 'merge_install': False, 'path': '/home/adam-warn/GigaVacuumMobil/src/cleaning_planner', 'symlink_install': False, 'test_result_base': None}
[0.305s] INFO:colcon.colcon_core.executor:Executing jobs using 'parallel' executor
[0.306s] DEBUG:colcon.colcon_parallel_executor.executor.parallel:run_until_complete
[0.306s] INFO:colcon.colcon_ros.task.ament_cmake.build:Building ROS package in '/home/adam-warn/GigaVacuumMobil/src/GigaVacuumMobil' with build type 'ament_cmake'
[0.307s] INFO:colcon.colcon_cmake.task.cmake.build:Building CMake package in '/home/adam-warn/GigaVacuumMobil/src/GigaVacuumMobil'
[0.309s] INFO:colcon.colcon_core.plugin_system:Skipping extension 'colcon_core.shell.bat': Not used on non-Windows systems
[0.309s] INFO:colcon.colcon_core.shell:Skip shell extension 'powershell' for command environment: Not usable outside of PowerShell
[0.309s] DEBUG:colcon.colcon_core.shell:Skip shell extension 'dsv' for command environment
[0.314s] INFO:colcon.colcon_ros.task.ament_python.build:Building ROS package in '/home/adam-warn/GigaVacuumMobil/src/cleaning_planner' with build type 'ament_python'
[0.315s] Level 1:colcon.colcon_core.shell:create_environment_hook('cleaning_planner', 'ament_prefix_path')
[0.315s] INFO:colcon.colcon_core.shell:Creating environment hook '/home/adam-warn/GigaVacuumMobil/install/cleaning_planner/share/cleaning_planner/hook/ament_prefix_path.ps1'
[0.316s] INFO:colcon.colcon_core.shell:Creating environment descriptor '/home/adam-warn/GigaVacuumMobil/install/cleaning_planner/share/cleaning_planner/hook/ament_prefix_path.dsv'
[0.316s] INFO:colcon.colcon_core.shell:Creating environment hook '/home/adam-warn/GigaVacuumMobil/install/cleaning_planner/share/cleaning_planner/hook/ament_prefix_path.sh'
[0.317s] INFO:colcon.colcon_core.shell:Skip shell extension 'powershell' for command environment: Not usable outside of PowerShell
[0.317s] DEBUG:colcon.colcon_core.shell:Skip shell extension 'dsv' for command environment
[0.327s] DEBUG:colcon.colcon_core.event_handler.log_command:Invoking command in '/home/adam-warn/GigaVacuumMobil/build/GigaVacuumMobil': CMAKE_PREFIX_PATH=${CMAKE_PREFIX_PATH}:/home/adam-warn/GigaVacuumMobil/install/cleaning_planner:/opt/ros/jazzy DEBUGINFOD_URLS=https://debuginfod.ubuntu.com /usr/bin/cmake --build /home/adam-warn/GigaVacuumMobil/build/GigaVacuumMobil -- -j12 -l12
[0.603s] INFO:colcon.colcon_core.task.python.build:Building Python package in '/home/adam-warn/GigaVacuumMobil/src/cleaning_planner'
[0.603s] INFO:colcon.colcon_core.shell:Skip shell extension 'powershell' for command environment: Not usable outside of PowerShell
[0.603s] DEBUG:colcon.colcon_core.shell:Skip shell extension 'dsv' for command environment
[0.610s] DEBUG:colcon.colcon_core.event_handler.log_command:Invoked command in '/home/adam-warn/GigaVacuumMobil/build/GigaVacuumMobil' returned '0': CMAKE_PREFIX_PATH=${CMAKE_PREFIX_PATH}:/home/adam-warn/GigaVacuumMobil/install/cleaning_planner:/opt/ros/jazzy DEBUGINFOD_URLS=https://debuginfod.ubuntu.com /usr/bin/cmake --build /home/adam-warn/GigaVacuumMobil/build/GigaVacuumMobil -- -j12 -l12
[0.625s] DEBUG:colcon.colcon_core.event_handler.log_command:Invoking command in '/home/adam-warn/GigaVacuumMobil/build/GigaVacuumMobil': CMAKE_PREFIX_PATH=${CMAKE_PREFIX_PATH}:/home/adam-warn/GigaVacuumMobil/install/cleaning_planner:/opt/ros/jazzy DEBUGINFOD_URLS=https://debuginfod.ubuntu.com /usr/bin/cmake --install /home/adam-warn/GigaVacuumMobil/build/GigaVacuumMobil
[0.670s] Level 1:colcon.colcon_core.environment:create_environment_scripts_only(GigaVacuumMobil)
[0.671s] DEBUG:colcon.colcon_core.event_handler.log_command:Invoked command in '/home/adam-warn/GigaVacuumMobil/build/GigaVacuumMobil' returned '0': CMAKE_PREFIX_PATH=${CMAKE_PREFIX_PATH}:/home/adam-warn/GigaVacuumMobil/install/cleaning_planner:/opt/ros/jazzy DEBUGINFOD_URLS=https://debuginfod.ubuntu.com /usr/bin/cmake --install /home/adam-warn/GigaVacuumMobil/build/GigaVacuumMobil
[0.673s] Level 1:colcon.colcon_core.environment:checking '/home/adam-warn/GigaVacuumMobil/install/GigaVacuumMobil' for CMake module files
[0.674s] Level 1:colcon.colcon_core.environment:checking '/home/adam-warn/GigaVacuumMobil/install/GigaVacuumMobil' for CMake config files
[0.674s] Level 1:colcon.colcon_core.shell:create_environment_hook('GigaVacuumMobil', 'cmake_prefix_path')
[0.674s] INFO:colcon.colcon_core.shell:Creating environment hook '/home/adam-warn/GigaVacuumMobil/install/GigaVacuumMobil/share/GigaVacuumMobil/hook/cmake_prefix_path.ps1'
[0.675s] INFO:colcon.colcon_core.shell:Creating environment descriptor '/home/adam-warn/GigaVacuumMobil/install/GigaVacuumMobil/share/GigaVacuumMobil/hook/cmake_prefix_path.dsv'
[0.675s] INFO:colcon.colcon_core.shell:Creating environment hook '/home/adam-warn/GigaVacuumMobil/install/GigaVacuumMobil/share/GigaVacuumMobil/hook/cmake_prefix_path.sh'
[0.676s] Level 1:colcon.colcon_core.environment:checking '/home/adam-warn/GigaVacuumMobil/install/GigaVacuumMobil/lib'
[0.676s] Level 1:colcon.colcon_core.shell:create_environment_hook('GigaVacuumMobil', 'ld_library_path_lib')
[0.676s] INFO:colcon.colcon_core.shell:Creating environment hook '/home/adam-warn/GigaVacuumMobil/install/GigaVacuumMobil/share/GigaVacuumMobil/hook/ld_library_path_lib.ps1'
[0.677s] INFO:colcon.colcon_core.shell:Creating environment descriptor '/home/adam-warn/GigaVacuumMobil/install/GigaVacuumMobil/share/GigaVacuumMobil/hook/ld_library_path_lib.dsv'
[0.677s] INFO:colcon.colcon_core.shell:Creating environment hook '/home/adam-warn/GigaVacuumMobil/install/GigaVacuumMobil/share/GigaVacuumMobil/hook/ld_library_path_lib.sh'
[0.678s] Level 1:colcon.colcon_core.environment:checking '/home/adam-warn/GigaVacuumMobil/install/GigaVacuumMobil/bin'
[0.678s] Level 1:colcon.colcon_core.environment:checking '/home/adam-warn/GigaVacuumMobil/install/GigaVacuumMobil/lib/pkgconfig/GigaVacuumMobil.pc'
[0.678s] Level 1:colcon.colcon_core.environment:checking '/home/adam-warn/GigaVacuumMobil/install/GigaVacuumMobil/lib/python3.12/site-packages'
[0.678s] Level 1:colcon.colcon_core.environment:checking '/home/adam-warn/GigaVacuumMobil/install/GigaVacuumMobil/bin'
[0.679s] INFO:colcon.colcon_core.shell:Creating package script '/home/adam-warn/GigaVacuumMobil/install/GigaVacuumMobil/share/GigaVacuumMobil/package.ps1'
[0.679s] INFO:colcon.colcon_core.shell:Creating package descriptor '/home/adam-warn/GigaVacuumMobil/install/GigaVacuumMobil/share/GigaVacuumMobil/package.dsv'
[0.680s] INFO:colcon.colcon_core.shell:Creating package script '/home/adam-warn/GigaVacuumMobil/install/GigaVacuumMobil/share/GigaVacuumMobil/package.sh'
[0.681s] INFO:colcon.colcon_core.shell:Creating package script '/home/adam-warn/GigaVacuumMobil/install/GigaVacuumMobil/share/GigaVacuumMobil/package.bash'
[0.681s] INFO:colcon.colcon_core.shell:Creating package script '/home/adam-warn/GigaVacuumMobil/install/GigaVacuumMobil/share/GigaVacuumMobil/package.zsh'
[0.682s] Level 1:colcon.colcon_core.environment:create_file_with_runtime_dependencies(/home/adam-warn/GigaVacuumMobil/install/GigaVacuumMobil/share/colcon-core/packages/GigaVacuumMobil)
[0.683s] Level 1:colcon.colcon_core.environment:create_environment_scripts_only(GigaVacuumMobil)
[0.683s] Level 1:colcon.colcon_core.environment:checking '/home/adam-warn/GigaVacuumMobil/install/GigaVacuumMobil' for CMake module files
[0.684s] Level 1:colcon.colcon_core.environment:checking '/home/adam-warn/GigaVacuumMobil/install/GigaVacuumMobil' for CMake config files
[0.685s] Level 1:colcon.colcon_core.shell:create_environment_hook('GigaVacuumMobil', 'cmake_prefix_path')
[0.685s] INFO:colcon.colcon_core.shell:Creating environment hook '/home/adam-warn/GigaVacuumMobil/install/GigaVacuumMobil/share/GigaVacuumMobil/hook/cmake_prefix_path.ps1'
[0.685s] INFO:colcon.colcon_core.shell:Creating environment descriptor '/home/adam-warn/GigaVacuumMobil/install/GigaVacuumMobil/share/GigaVacuumMobil/hook/cmake_prefix_path.dsv'
[0.686s] INFO:colcon.colcon_core.shell:Creating environment hook '/home/adam-warn/GigaVacuumMobil/install/GigaVacuumMobil/share/GigaVacuumMobil/hook/cmake_prefix_path.sh'
[0.686s] Level 1:colcon.colcon_core.environment:checking '/home/adam-warn/GigaVacuumMobil/install/GigaVacuumMobil/lib'
[0.686s] Level 1:colcon.colcon_core.shell:create_environment_hook('GigaVacuumMobil', 'ld_library_path_lib')
[0.687s] INFO:colcon.colcon_core.shell:Creating environment hook '/home/adam-warn/GigaVacuumMobil/install/GigaVacuumMobil/share/GigaVacuumMobil/hook/ld_library_path_lib.ps1'
[0.687s] INFO:colcon.colcon_core.shell:Creating environment descriptor '/home/adam-warn/GigaVacuumMobil/install/GigaVacuumMobil/share/GigaVacuumMobil/hook/ld_library_path_lib.dsv'
[0.687s] INFO:colcon.colcon_core.shell:Creating environment hook '/home/adam-warn/GigaVacuumMobil/install/GigaVacuumMobil/share/GigaVacuumMobil/hook/ld_library_path_lib.sh'
[0.688s] Level 1:colcon.colcon_core.environment:checking '/home/adam-warn/GigaVacuumMobil/install/GigaVacuumMobil/bin'
[0.688s] Level 1:colcon.colcon_core.environment:checking '/home/adam-warn/GigaVacuumMobil/install/GigaVacuumMobil/lib/pkgconfig/GigaVacuumMobil.pc'
[0.688s] Level 1:colcon.colcon_core.environment:checking '/home/adam-warn/GigaVacuumMobil/install/GigaVacuumMobil/lib/python3.12/site-packages'
[0.688s] Level 1:colcon.colcon_core.environment:checking '/home/adam-warn/GigaVacuumMobil/install/GigaVacuumMobil/bin'
[0.689s] INFO:colcon.colcon_core.shell:Creating package script '/home/adam-warn/GigaVacuumMobil/install/GigaVacuumMobil/share/GigaVacuumMobil/package.ps1'
[0.689s] INFO:colcon.colcon_core.shell:Creating package descriptor '/home/adam-warn/GigaVacuumMobil/install/GigaVacuumMobil/share/GigaVacuumMobil/package.dsv'
[0.690s] INFO:colcon.colcon_core.shell:Creating package script '/home/adam-warn/GigaVacuumMobil/install/GigaVacuumMobil/share/GigaVacuumMobil/package.sh'
[0.690s] INFO:colcon.colcon_core.shell:Creating package script '/home/adam-warn/GigaVacuumMobil/install/GigaVacuumMobil/share/GigaVacuumMobil/package.bash'
[0.691s] INFO:colcon.colcon_core.shell:Creating package script '/home/adam-warn/GigaVacuumMobil/install/GigaVacuumMobil/share/GigaVacuumMobil/package.zsh'
[0.691s] Level 1:colcon.colcon_core.environment:create_file_with_runtime_dependencies(/home/adam-warn/GigaVacuumMobil/install/GigaVacuumMobil/share/colcon-core/packages/GigaVacuumMobil)
[1.413s] DEBUG:colcon.colcon_core.event_handler.log_command:Invoking command in '/home/adam-warn/GigaVacuumMobil/src/cleaning_planner': DEBUGINFOD_URLS=https://debuginfod.ubuntu.com PYTHONPATH=/home/adam-warn/GigaVacuumMobil/build/cleaning_planner/prefix_override:/usr/lib/python3/dist-packages/colcon_core/task/python/colcon_distutils_commands:/home/adam-warn/GigaVacuumMobil/install/cleaning_planner/lib/python3.12/site-packages:${PYTHONPATH} /usr/bin/python3 -W ignore:setup.py install is deprecated -W ignore:easy_install command is deprecated setup.py egg_info --egg-base ../../build/cleaning_planner build --build-base /home/adam-warn/GigaVacuumMobil/build/cleaning_planner/build install --record /home/adam-warn/GigaVacuumMobil/build/cleaning_planner/install.log --single-version-externally-managed install_data
[2.123s] Level 1:colcon.colcon_core.environment:checking '/home/adam-warn/GigaVacuumMobil/install/cleaning_planner' for CMake module files
[2.124s] Level 1:colcon.colcon_core.environment:checking '/home/adam-warn/GigaVacuumMobil/install/cleaning_planner' for CMake config files
[2.124s] DEBUG:colcon.colcon_core.event_handler.log_command:Invoked command in '/home/adam-warn/GigaVacuumMobil/src/cleaning_planner' returned '0': DEBUGINFOD_URLS=https://debuginfod.ubuntu.com PYTHONPATH=/home/adam-warn/GigaVacuumMobil/build/cleaning_planner/prefix_override:/usr/lib/python3/dist-packages/colcon_core/task/python/colcon_distutils_commands:/home/adam-warn/GigaVacuumMobil/install/cleaning_planner/lib/python3.12/site-packages:${PYTHONPATH} /usr/bin/python3 -W ignore:setup.py install is deprecated -W ignore:easy_install command is deprecated setup.py egg_info --egg-base ../../build/cleaning_planner build --build-base /home/adam-warn/GigaVacuumMobil/build/cleaning_planner/build install --record /home/adam-warn/GigaVacuumMobil/build/cleaning_planner/install.log --single-version-externally-managed install_data
[2.126s] Level 1:colcon.colcon_core.environment:checking '/home/adam-warn/GigaVacuumMobil/install/cleaning_planner/lib'
[2.126s] Level 1:colcon.colcon_core.environment:checking '/home/adam-warn/GigaVacuumMobil/install/cleaning_planner/bin'
[2.126s] Level 1:colcon.colcon_core.environment:checking '/home/adam-warn/GigaVacuumMobil/install/cleaning_planner/lib/pkgconfig/cleaning_planner.pc'
[2.126s] Level 1:colcon.colcon_core.environment:checking '/home/adam-warn/GigaVacuumMobil/install/cleaning_planner/lib/python3.12/site-packages'
[2.126s] Level 1:colcon.colcon_core.shell:create_environment_hook('cleaning_planner', 'pythonpath')
[2.126s] INFO:colcon.colcon_core.shell:Creating environment hook '/home/adam-warn/GigaVacuumMobil/install/cleaning_planner/share/cleaning_planner/hook/pythonpath.ps1'
[2.127s] INFO:colcon.colcon_core.shell:Creating environment descriptor '/home/adam-warn/GigaVacuumMobil/install/cleaning_planner/share/cleaning_planner/hook/pythonpath.dsv'
[2.127s] INFO:colcon.colcon_core.shell:Creating environment hook '/home/adam-warn/GigaVacuumMobil/install/cleaning_planner/share/cleaning_planner/hook/pythonpath.sh'
[2.128s] Level 1:colcon.colcon_core.environment:checking '/home/adam-warn/GigaVacuumMobil/install/cleaning_planner/bin'
[2.129s] Level 1:colcon.colcon_core.environment:create_environment_scripts_only(cleaning_planner)
[2.129s] INFO:colcon.colcon_core.shell:Creating package script '/home/adam-warn/GigaVacuumMobil/install/cleaning_planner/share/cleaning_planner/package.ps1'
[2.130s] INFO:colcon.colcon_core.shell:Creating package descriptor '/home/adam-warn/GigaVacuumMobil/install/cleaning_planner/share/cleaning_planner/package.dsv'
[2.130s] INFO:colcon.colcon_core.shell:Creating package script '/home/adam-warn/GigaVacuumMobil/install/cleaning_planner/share/cleaning_planner/package.sh'
[2.131s] INFO:colcon.colcon_core.shell:Creating package script '/home/adam-warn/GigaVacuumMobil/install/cleaning_planner/share/cleaning_planner/package.bash'
[2.131s] INFO:colcon.colcon_core.shell:Creating package script '/home/adam-warn/GigaVacuumMobil/install/cleaning_planner/share/cleaning_planner/package.zsh'
[2.132s] Level 1:colcon.colcon_core.environment:create_file_with_runtime_dependencies(/home/adam-warn/GigaVacuumMobil/install/cleaning_planner/share/colcon-core/packages/cleaning_planner)
[2.132s] DEBUG:colcon.colcon_parallel_executor.executor.parallel:closing loop
[2.132s] DEBUG:colcon.colcon_parallel_executor.executor.parallel:loop closed
[2.132s] DEBUG:colcon.colcon_parallel_executor.executor.parallel:run_until_complete finished with '0'
[2.132s] DEBUG:colcon.colcon_core.event_reactor:joining thread
[2.139s] INFO:colcon.colcon_core.plugin_system:Skipping extension 'colcon_notification.desktop_notification.terminal_notifier': Not used on non-Darwin systems
[2.139s] INFO:colcon.colcon_core.plugin_system:Skipping extension 'colcon_notification.desktop_notification.win32': Not used on non-Windows systems
[2.139s] INFO:colcon.colcon_notification.desktop_notification:Sending desktop notification using 'notify2'
[2.157s] DEBUG:colcon.colcon_core.event_reactor:joined thread
[2.158s] INFO:colcon.colcon_core.shell:Creating prefix script '/home/adam-warn/GigaVacuumMobil/install/local_setup.ps1'
[2.159s] INFO:colcon.colcon_core.shell:Creating prefix util module '/home/adam-warn/GigaVacuumMobil/install/_local_setup_util_ps1.py'
[2.160s] INFO:colcon.colcon_core.shell:Creating prefix chain script '/home/adam-warn/GigaVacuumMobil/install/setup.ps1'
[2.161s] INFO:colcon.colcon_core.shell:Creating prefix script '/home/adam-warn/GigaVacuumMobil/install/local_setup.sh'
[2.162s] INFO:colcon.colcon_core.shell:Creating prefix util module '/home/adam-warn/GigaVacuumMobil/install/_local_setup_util_sh.py'
[2.163s] INFO:colcon.colcon_core.shell:Creating prefix chain script '/home/adam-warn/GigaVacuumMobil/install/setup.sh'
[2.164s] INFO:colcon.colcon_core.shell:Creating prefix script '/home/adam-warn/GigaVacuumMobil/install/local_setup.bash'
[2.165s] INFO:colcon.colcon_core.shell:Creating prefix chain script '/home/adam-warn/GigaVacuumMobil/install/setup.bash'
[2.166s] INFO:colcon.colcon_core.shell:Creating prefix script '/home/adam-warn/GigaVacuumMobil/install/local_setup.zsh'
[2.167s] INFO:colcon.colcon_core.shell:Creating prefix chain script '/home/adam-warn/GigaVacuumMobil/install/setup.zsh'
