/home/adam-warn/GigaVacuumMobil/install/cleaning_planner/lib/python3.12/site-packages/cleaning_planner/coverage_planner_node.py
/home/adam-warn/GigaVacuumMobil/install/cleaning_planner/lib/python3.12/site-packages/cleaning_planner/coverage_executor_node.py
/home/adam-warn/GigaVacuumMobil/install/cleaning_planner/lib/python3.12/site-packages/cleaning_planner/waypoint_generator.py
/home/adam-warn/GigaVacuumMobil/install/cleaning_planner/lib/python3.12/site-packages/cleaning_planner/coverage_planner_core.py
/home/adam-warn/GigaVacuumMobil/install/cleaning_planner/lib/python3.12/site-packages/cleaning_planner/__init__.py
/home/adam-warn/GigaVacuumMobil/install/cleaning_planner/lib/python3.12/site-packages/cleaning_planner/__pycache__/coverage_planner_node.cpython-312.pyc
/home/adam-warn/GigaVacuumMobil/install/cleaning_planner/lib/python3.12/site-packages/cleaning_planner/__pycache__/coverage_executor_node.cpython-312.pyc
/home/adam-warn/GigaVacuumMobil/install/cleaning_planner/lib/python3.12/site-packages/cleaning_planner/__pycache__/waypoint_generator.cpython-312.pyc
/home/adam-warn/GigaVacuumMobil/install/cleaning_planner/lib/python3.12/site-packages/cleaning_planner/__pycache__/coverage_planner_core.cpython-312.pyc
/home/adam-warn/GigaVacuumMobil/install/cleaning_planner/lib/python3.12/site-packages/cleaning_planner/__pycache__/__init__.cpython-312.pyc
/home/adam-warn/GigaVacuumMobil/install/cleaning_planner/share/ament_index/resource_index/packages/cleaning_planner
/home/adam-warn/GigaVacuumMobil/install/cleaning_planner/share/cleaning_planner/package.xml
/home/adam-warn/GigaVacuumMobil/install/cleaning_planner/share/cleaning_planner/launch/coverage_pipeline.launch.py
/home/adam-warn/GigaVacuumMobil/install/cleaning_planner/share/cleaning_planner/launch/generate_waypoints.launch.py
/home/adam-warn/GigaVacuumMobil/install/cleaning_planner/lib/python3.12/site-packages/cleaning_planner-0.0.0-py3.12.egg-info/zip-safe
/home/adam-warn/GigaVacuumMobil/install/cleaning_planner/lib/python3.12/site-packages/cleaning_planner-0.0.0-py3.12.egg-info/dependency_links.txt
/home/adam-warn/GigaVacuumMobil/install/cleaning_planner/lib/python3.12/site-packages/cleaning_planner-0.0.0-py3.12.egg-info/SOURCES.txt
/home/adam-warn/GigaVacuumMobil/install/cleaning_planner/lib/python3.12/site-packages/cleaning_planner-0.0.0-py3.12.egg-info/PKG-INFO
/home/adam-warn/GigaVacuumMobil/install/cleaning_planner/lib/python3.12/site-packages/cleaning_planner-0.0.0-py3.12.egg-info/top_level.txt
/home/adam-warn/GigaVacuumMobil/install/cleaning_planner/lib/python3.12/site-packages/cleaning_planner-0.0.0-py3.12.egg-info/entry_points.txt
/home/adam-warn/GigaVacuumMobil/install/cleaning_planner/lib/python3.12/site-packages/cleaning_planner-0.0.0-py3.12.egg-info/requires.txt
/home/adam-warn/GigaVacuumMobil/install/cleaning_planner/lib/cleaning_planner/coverage_executor_node
/home/adam-warn/GigaVacuumMobil/install/cleaning_planner/lib/cleaning_planner/coverage_planner_node
/home/adam-warn/GigaVacuumMobil/install/cleaning_planner/lib/cleaning_planner/waypoint_generator
