[1.363s] Invoking command in '/home/adam-warn/GigaVacuumMobil/src/patterns': DEBUGINFOD_URLS=https://debuginfod.ubuntu.com PYTHONPATH=/home/adam-warn/GigaVacuumMobil/build/patterns/prefix_override:/usr/lib/python3/dist-packages/colcon_core/task/python/colcon_distutils_commands:/home/adam-warn/GigaVacuumMobil/install/patterns/lib/python3.12/site-packages:${PYTHONPATH} /usr/bin/python3 -W ignore:setup.py install is deprecated -W ignore:easy_install command is deprecated setup.py egg_info --egg-base ../../build/patterns build --build-base /home/adam-warn/GigaVacuumMobil/build/patterns/build install --record /home/adam-warn/GigaVacuumMobil/build/patterns/install.log --single-version-externally-managed install_data
[1.653s] running egg_info
[1.675s] writing ../../build/patterns/patterns.egg-info/PKG-INFO
[1.675s] writing dependency_links to ../../build/patterns/patterns.egg-info/dependency_links.txt
[1.675s] writing entry points to ../../build/patterns/patterns.egg-info/entry_points.txt
[1.675s] writing requirements to ../../build/patterns/patterns.egg-info/requires.txt
[1.676s] writing top-level names to ../../build/patterns/patterns.egg-info/top_level.txt
[1.720s] reading manifest file '../../build/patterns/patterns.egg-info/SOURCES.txt'
[1.721s] writing manifest file '../../build/patterns/patterns.egg-info/SOURCES.txt'
[1.721s] running build
[1.722s] running build_py
[1.722s] running install
[1.728s] running install_lib
[1.750s] running install_data
[1.750s] running install_egg_info
[1.774s] removing '/home/adam-warn/GigaVacuumMobil/install/patterns/lib/python3.12/site-packages/patterns-0.1.0-py3.12.egg-info' (and everything under it)
[1.775s] Copying ../../build/patterns/patterns.egg-info to /home/adam-warn/GigaVacuumMobil/install/patterns/lib/python3.12/site-packages/patterns-0.1.0-py3.12.egg-info
[1.776s] running install_scripts
[1.915s] Installing pattern_manager script to /home/adam-warn/GigaVacuumMobil/install/patterns/lib/patterns
[1.916s] writing list of installed files to '/home/adam-warn/GigaVacuumMobil/build/patterns/install.log'
[1.955s] Invoked command in '/home/adam-warn/GigaVacuumMobil/src/patterns' returned '0': DEBUGINFOD_URLS=https://debuginfod.ubuntu.com PYTHONPATH=/home/adam-warn/GigaVacuumMobil/build/patterns/prefix_override:/usr/lib/python3/dist-packages/colcon_core/task/python/colcon_distutils_commands:/home/adam-warn/GigaVacuumMobil/install/patterns/lib/python3.12/site-packages:${PYTHONPATH} /usr/bin/python3 -W ignore:setup.py install is deprecated -W ignore:easy_install command is deprecated setup.py egg_info --egg-base ../../build/patterns build --build-base /home/adam-warn/GigaVacuumMobil/build/patterns/build install --record /home/adam-warn/GigaVacuumMobil/build/patterns/install.log --single-version-externally-managed install_data
