[1.098s] Invoking command in '/home/adam-warn/GigaVacuumMobil/src/cleaning_planner': DEBUGINFOD_URLS=https://debuginfod.ubuntu.com PYTHONPATH=/home/adam-warn/GigaVacuumMobil/build/cleaning_planner/prefix_override:/usr/lib/python3/dist-packages/colcon_core/task/python/colcon_distutils_commands:/home/adam-warn/GigaVacuumMobil/install/cleaning_planner/lib/python3.12/site-packages:${PYTHONPATH} /usr/bin/python3 -W ignore:setup.py install is deprecated -W ignore:easy_install command is deprecated setup.py egg_info --egg-base ../../build/cleaning_planner build --build-base /home/adam-warn/GigaVacuumMobil/build/cleaning_planner/build install --record /home/adam-warn/GigaVacuumMobil/build/cleaning_planner/install.log --single-version-externally-managed install_data
[1.435s] running egg_info
[1.461s] writing ../../build/cleaning_planner/cleaning_planner.egg-info/PKG-INFO
[1.461s] writing dependency_links to ../../build/cleaning_planner/cleaning_planner.egg-info/dependency_links.txt
[1.462s] writing entry points to ../../build/cleaning_planner/cleaning_planner.egg-info/entry_points.txt
[1.462s] writing requirements to ../../build/cleaning_planner/cleaning_planner.egg-info/requires.txt
[1.462s] writing top-level names to ../../build/cleaning_planner/cleaning_planner.egg-info/top_level.txt
[1.518s] reading manifest file '../../build/cleaning_planner/cleaning_planner.egg-info/SOURCES.txt'
[1.518s] writing manifest file '../../build/cleaning_planner/cleaning_planner.egg-info/SOURCES.txt'
[1.519s] running build
[1.519s] running build_py
[1.519s] running install
[1.525s] running install_lib
[1.551s] running install_data
[1.551s] creating /home/adam-warn/GigaVacuumMobil/install/cleaning_planner/share/cleaning_planner/launch
[1.551s] copying launch/generate_waypoints.launch.py -> /home/adam-warn/GigaVacuumMobil/install/cleaning_planner/share/cleaning_planner/launch
[1.552s] running install_egg_info
[1.581s] removing '/home/adam-warn/GigaVacuumMobil/install/cleaning_planner/lib/python3.12/site-packages/cleaning_planner-0.0.0-py3.12.egg-info' (and everything under it)
[1.581s] Copying ../../build/cleaning_planner/cleaning_planner.egg-info to /home/adam-warn/GigaVacuumMobil/install/cleaning_planner/lib/python3.12/site-packages/cleaning_planner-0.0.0-py3.12.egg-info
[1.582s] running install_scripts
[1.763s] Installing waypoint_generator script to /home/adam-warn/GigaVacuumMobil/install/cleaning_planner/lib/cleaning_planner
[1.763s] writing list of installed files to '/home/adam-warn/GigaVacuumMobil/build/cleaning_planner/install.log'
[1.809s] Invoked command in '/home/adam-warn/GigaVacuumMobil/src/cleaning_planner' returned '0': DEBUGINFOD_URLS=https://debuginfod.ubuntu.com PYTHONPATH=/home/adam-warn/GigaVacuumMobil/build/cleaning_planner/prefix_override:/usr/lib/python3/dist-packages/colcon_core/task/python/colcon_distutils_commands:/home/adam-warn/GigaVacuumMobil/install/cleaning_planner/lib/python3.12/site-packages:${PYTHONPATH} /usr/bin/python3 -W ignore:setup.py install is deprecated -W ignore:easy_install command is deprecated setup.py egg_info --egg-base ../../build/cleaning_planner build --build-base /home/adam-warn/GigaVacuumMobil/build/cleaning_planner/build install --record /home/adam-warn/GigaVacuumMobil/build/cleaning_planner/install.log --single-version-externally-managed install_data
