running egg_info
writing ../../build/patterns/patterns.egg-info/PKG-INFO
writing dependency_links to ../../build/patterns/patterns.egg-info/dependency_links.txt
writing entry points to ../../build/patterns/patterns.egg-info/entry_points.txt
writing requirements to ../../build/patterns/patterns.egg-info/requires.txt
writing top-level names to ../../build/patterns/patterns.egg-info/top_level.txt
reading manifest file '../../build/patterns/patterns.egg-info/SOURCES.txt'
writing manifest file '../../build/patterns/patterns.egg-info/SOURCES.txt'
running build
running build_py
copying patterns/behavior_tree/manager_node.py -> /home/adam-warn/GigaVacuumMobil/build/patterns/build/lib/patterns/behavior_tree
copying patterns/patterns/systematic_cleaning/nodes/coverage_trigger.py -> /home/adam-warn/GigaVacuumMobil/build/patterns/build/lib/patterns/patterns/systematic_cleaning/nodes
running install
running install_lib
copying /home/adam-warn/GigaVacuumMobil/build/patterns/build/lib/patterns/patterns/systematic_cleaning/nodes/coverage_trigger.py -> /home/adam-warn/GigaVacuumMobil/install/patterns/lib/python3.12/site-packages/patterns/patterns/systematic_cleaning/nodes
copying /home/adam-warn/GigaVacuumMobil/build/patterns/build/lib/patterns/behavior_tree/manager_node.py -> /home/adam-warn/GigaVacuumMobil/install/patterns/lib/python3.12/site-packages/patterns/behavior_tree
byte-compiling /home/adam-warn/GigaVacuumMobil/install/patterns/lib/python3.12/site-packages/patterns/patterns/systematic_cleaning/nodes/coverage_trigger.py to coverage_trigger.cpython-312.pyc
byte-compiling /home/adam-warn/GigaVacuumMobil/install/patterns/lib/python3.12/site-packages/patterns/behavior_tree/manager_node.py to manager_node.cpython-312.pyc
running install_data
running install_egg_info
removing '/home/adam-warn/GigaVacuumMobil/install/patterns/lib/python3.12/site-packages/patterns-0.1.0-py3.12.egg-info' (and everything under it)
Copying ../../build/patterns/patterns.egg-info to /home/adam-warn/GigaVacuumMobil/install/patterns/lib/python3.12/site-packages/patterns-0.1.0-py3.12.egg-info
running install_scripts
Installing pattern_manager script to /home/adam-warn/GigaVacuumMobil/install/patterns/lib/patterns
writing list of installed files to '/home/adam-warn/GigaVacuumMobil/build/patterns/install.log'
