[0.007s] Invoking command in '/home/adam-warn/GigaVacuumMobil/build/GigaVacuumMobil': DEBUGINFOD_URLS=https://debuginfod.ubuntu.com /usr/bin/cmake /home/adam-warn/GigaVacuumMobil/src/GigaVacuumMobil -DAMENT_CMAKE_SYMLINK_INSTALL=1 -DCMAKE_INSTALL_PREFIX=/home/adam-warn/GigaVacuumMobil/install/GigaVacuumMobil
[0.092s] -- The C compiler identification is GNU 13.3.0
[0.169s] -- The CXX compiler identification is GNU 13.3.0
[0.188s] -- Detecting C compiler ABI info
[0.278s] -- Detecting C compiler ABI info - done
[0.287s] -- Check for working C compiler: /usr/bin/cc - skipped
[0.288s] -- Detecting C compile features
[0.289s] -- Detecting C compile features - done
[0.298s] -- Detecting CXX compiler ABI info
[0.399s] -- Detecting CXX compiler ABI info - done
[0.410s] -- Check for working CXX compiler: /usr/bin/c++ - skipped
[0.410s] -- Detecting CXX compile features
[0.411s] -- Detecting CXX compile features - done
[0.422s] [31mCMake Error at CMakeLists.txt:9 (find_package):
[0.422s]   By not providing "Findament_cmake.cmake" in CMAKE_MODULE_PATH this project
[0.422s]   has asked CMake to find a package configuration file provided by
[0.422s]   "ament_cmake", but CMake did not find one.
[0.422s] 
[0.422s]   Could not find a package configuration file provided by "ament_cmake" with
[0.422s]   any of the following names:
[0.422s] 
[0.422s]     ament_cmakeConfig.cmake
[0.422s]     ament_cmake-config.cmake
[0.422s] 
[0.422s]   Add the installation prefix of "ament_cmake" to CMAKE_PREFIX_PATH or set
[0.423s]   "ament_cmake_DIR" to a directory containing one of the above files.  If
[0.423s]   "ament_cmake" provides a separate development package or SDK, be sure it
[0.423s]   has been installed.
[0.423s] 
[0.423s] [0m
[0.423s] -- Configuring incomplete, errors occurred!
[0.426s] Invoked command in '/home/adam-warn/GigaVacuumMobil/build/GigaVacuumMobil' returned '1': DEBUGINFOD_URLS=https://debuginfod.ubuntu.com /usr/bin/cmake /home/adam-warn/GigaVacuumMobil/src/GigaVacuumMobil -DAMENT_CMAKE_SYMLINK_INSTALL=1 -DCMAKE_INSTALL_PREFIX=/home/adam-warn/GigaVacuumMobil/install/GigaVacuumMobil
