[1.187s] Invoking command in '/home/adam-warn/GigaVacuumMobil/src/cleaning_planner': DEBUGINFOD_URLS=https://debuginfod.ubuntu.com PYTHONPATH=/home/adam-warn/GigaVacuumMobil/build/cleaning_planner/prefix_override:/usr/lib/python3/dist-packages/colcon_core/task/python/colcon_distutils_commands:/home/adam-warn/GigaVacuumMobil/install/cleaning_planner/lib/python3.12/site-packages:${PYTHONPATH} /usr/bin/python3 -W ignore:setup.py install is deprecated -W ignore:easy_install command is deprecated setup.py egg_info --egg-base ../../build/cleaning_planner build --build-base /home/adam-warn/GigaVacuumMobil/build/cleaning_planner/build install --record /home/adam-warn/GigaVacuumMobil/build/cleaning_planner/install.log --single-version-externally-managed install_data
[1.502s] running egg_info
[1.526s] writing ../../build/cleaning_planner/cleaning_planner.egg-info/PKG-INFO
[1.526s] writing dependency_links to ../../build/cleaning_planner/cleaning_planner.egg-info/dependency_links.txt
[1.526s] writing entry points to ../../build/cleaning_planner/cleaning_planner.egg-info/entry_points.txt
[1.527s] writing requirements to ../../build/cleaning_planner/cleaning_planner.egg-info/requires.txt
[1.527s] writing top-level names to ../../build/cleaning_planner/cleaning_planner.egg-info/top_level.txt
[1.574s] reading manifest file '../../build/cleaning_planner/cleaning_planner.egg-info/SOURCES.txt'
[1.575s] writing manifest file '../../build/cleaning_planner/cleaning_planner.egg-info/SOURCES.txt'
[1.576s] running build
[1.576s] running build_py
[1.576s] copying cleaning_planner/coverage_executor_node.py -> /home/adam-warn/GigaVacuumMobil/build/cleaning_planner/build/lib/cleaning_planner
[1.577s] running install
[1.582s] running install_lib
[1.606s] copying /home/adam-warn/GigaVacuumMobil/build/cleaning_planner/build/lib/cleaning_planner/coverage_executor_node.py -> /home/adam-warn/GigaVacuumMobil/install/cleaning_planner/lib/python3.12/site-packages/cleaning_planner
[1.606s] byte-compiling /home/adam-warn/GigaVacuumMobil/install/cleaning_planner/lib/python3.12/site-packages/cleaning_planner/coverage_executor_node.py to coverage_executor_node.cpython-312.pyc
[1.608s] running install_data
[1.608s] copying launch/coverage_pipeline.launch.py -> /home/adam-warn/GigaVacuumMobil/install/cleaning_planner/share/cleaning_planner/launch
[1.608s] running install_egg_info
[1.635s] removing '/home/adam-warn/GigaVacuumMobil/install/cleaning_planner/lib/python3.12/site-packages/cleaning_planner-0.0.0-py3.12.egg-info' (and everything under it)
[1.635s] Copying ../../build/cleaning_planner/cleaning_planner.egg-info to /home/adam-warn/GigaVacuumMobil/install/cleaning_planner/lib/python3.12/site-packages/cleaning_planner-0.0.0-py3.12.egg-info
[1.636s] running install_scripts
[1.796s] Installing coverage_executor_node script to /home/adam-warn/GigaVacuumMobil/install/cleaning_planner/lib/cleaning_planner
[1.797s] Installing coverage_planner_node script to /home/adam-warn/GigaVacuumMobil/install/cleaning_planner/lib/cleaning_planner
[1.797s] Installing waypoint_generator script to /home/adam-warn/GigaVacuumMobil/install/cleaning_planner/lib/cleaning_planner
[1.797s] writing list of installed files to '/home/adam-warn/GigaVacuumMobil/build/cleaning_planner/install.log'
[1.835s] Invoked command in '/home/adam-warn/GigaVacuumMobil/src/cleaning_planner' returned '0': DEBUGINFOD_URLS=https://debuginfod.ubuntu.com PYTHONPATH=/home/adam-warn/GigaVacuumMobil/build/cleaning_planner/prefix_override:/usr/lib/python3/dist-packages/colcon_core/task/python/colcon_distutils_commands:/home/adam-warn/GigaVacuumMobil/install/cleaning_planner/lib/python3.12/site-packages:${PYTHONPATH} /usr/bin/python3 -W ignore:setup.py install is deprecated -W ignore:easy_install command is deprecated setup.py egg_info --egg-base ../../build/cleaning_planner build --build-base /home/adam-warn/GigaVacuumMobil/build/cleaning_planner/build install --record /home/adam-warn/GigaVacuumMobil/build/cleaning_planner/install.log --single-version-externally-managed install_data
