[0.021s] Invoking command in '/home/adam-warn/GigaVacuumMobil/build/GigaVacuumMobil': CMAKE_PREFIX_PATH=${CMAKE_PREFIX_PATH}:/home/adam-warn/GigaVacuumMobil/install/cleaning_planner:/opt/ros/jazzy DEBUGINFOD_URLS=https://debuginfod.ubuntu.com /usr/bin/cmake --build /home/adam-warn/GigaVacuumMobil/build/GigaVacuumMobil -- -j12 -l12
[0.065s] -- Found ament_cmake: 2.5.4 (/opt/ros/jazzy/share/ament_cmake/cmake)
[0.332s] -- Override CMake install command with custom implementation using symlinks instead of copying resources
[0.340s] -- Found hardware_interface: 4.38.0 (/opt/ros/jazzy/share/hardware_interface/cmake)
[0.380s] -- Found rosidl_generator_c: 4.6.6 (/opt/ros/jazzy/share/rosidl_generator_c/cmake)
[0.392s] -- Found rosidl_generator_cpp: 4.6.6 (/opt/ros/jazzy/share/rosidl_generator_cpp/cmake)
[0.410s] -- Using all available rosidl_typesupport_c: rosidl_typesupport_fastrtps_c;rosidl_typesupport_introspection_c
[0.428s] -- Using all available rosidl_typesupport_cpp: rosidl_typesupport_fastrtps_cpp;rosidl_typesupport_introspection_cpp
[0.681s] -- Found TinyXML2 via Config file: /usr/lib/x86_64-linux-gnu/cmake/tinyxml2
[0.725s] -- Found rmw_implementation_cmake: 7.3.2 (/opt/ros/jazzy/share/rmw_implementation_cmake/cmake)
[0.727s] -- Found rmw_fastrtps_cpp: 8.4.3 (/opt/ros/jazzy/share/rmw_fastrtps_cpp/cmake)
[0.751s] -- Found TinyXML2 via Config file: /usr/lib/x86_64-linux-gnu/cmake/tinyxml2
[0.764s] -- Found TinyXML2 via Config file: /usr/lib/x86_64-linux-gnu/cmake/tinyxml2
[0.788s] -- Found TinyXML2 via Config file: /usr/lib/x86_64-linux-gnu/cmake/tinyxml2
[0.800s] -- Found TinyXML2 via Config file: /usr/lib/x86_64-linux-gnu/cmake/tinyxml2
[0.817s] -- Using RMW implementation 'rmw_fastrtps_cpp' as default
[0.986s] -- Found control_toolbox: 4.8.1 (/opt/ros/jazzy/share/control_toolbox/cmake)
[1.034s] -- Found eigen3_cmake_module: 0.3.0 (/opt/ros/jazzy/share/eigen3_cmake_module/cmake)
[1.035s] -- Ensuring Eigen3 include directory is part of orocos-kdl CMake target
[1.154s] [31mCMake Error at CMakeLists.txt:15 (find_package):
[1.154s]   By not providing "Findcleaning_planner.cmake" in CMAKE_MODULE_PATH this
[1.154s]   project has asked CMake to find a package configuration file provided by
[1.154s]   "cleaning_planner", but CMake did not find one.
[1.154s] 
[1.154s]   Could not find a package configuration file provided by "cleaning_planner"
[1.154s]   with any of the following names:
[1.154s] 
[1.155s]     cleaning_plannerConfig.cmake
[1.155s]     cleaning_planner-config.cmake
[1.155s] 
[1.155s]   Add the installation prefix of "cleaning_planner" to CMAKE_PREFIX_PATH or
[1.155s]   set "cleaning_planner_DIR" to a directory containing one of the above
[1.155s]   files.  If "cleaning_planner" provides a separate development package or
[1.155s]   SDK, be sure it has been installed.
[1.155s] 
[1.155s] [0m
[1.155s] -- Configuring incomplete, errors occurred!
[1.167s] gmake: *** [Makefile:267: cmake_check_build_system] Error 1
[1.173s] Invoked command in '/home/adam-warn/GigaVacuumMobil/build/GigaVacuumMobil' returned '2': CMAKE_PREFIX_PATH=${CMAKE_PREFIX_PATH}:/home/adam-warn/GigaVacuumMobil/install/cleaning_planner:/opt/ros/jazzy DEBUGINFOD_URLS=https://debuginfod.ubuntu.com /usr/bin/cmake --build /home/adam-warn/GigaVacuumMobil/build/GigaVacuumMobil -- -j12 -l12
