[0.019s] Invoking command in '/home/adam-warn/GigaVacuumMobil/build/GigaVacuumMobil': CMAKE_PREFIX_PATH=${CMAKE_PREFIX_PATH}:/home/adam-warn/GigaVacuumMobil/install/cleaning_planner:/opt/ros/jazzy DEBUGINFOD_URLS=https://debuginfod.ubuntu.com /usr/bin/cmake --build /home/adam-warn/GigaVacuumMobil/build/GigaVacuumMobil -- -j12 -l12
[0.122s] [100%] Built target GigaVacuumMobil
[0.308s] Invoked command in '/home/adam-warn/GigaVacuumMobil/build/GigaVacuumMobil' returned '0': CMAKE_PREFIX_PATH=${CMAKE_PREFIX_PATH}:/home/adam-warn/GigaVacuumMobil/install/cleaning_planner:/opt/ros/jazzy DEBUGINFOD_URLS=https://debuginfod.ubuntu.com /usr/bin/cmake --build /home/adam-warn/GigaVacuumMobil/build/GigaVacuumMobil -- -j12 -l12
[0.322s] Invoking command in '/home/adam-warn/GigaVacuumMobil/build/GigaVacuumMobil': CMAKE_PREFIX_PATH=${CMAKE_PREFIX_PATH}:/home/adam-warn/GigaVacuumMobil/install/cleaning_planner:/opt/ros/jazzy DEBUGINFOD_URLS=https://debuginfod.ubuntu.com /usr/bin/cmake --install /home/adam-warn/GigaVacuumMobil/build/GigaVacuumMobil
[0.334s] -- Install configuration: ""
[0.335s] -- Execute custom install script
[0.335s] -- Up-to-date symlink: /home/adam-warn/GigaVacuumMobil/install/GigaVacuumMobil/share/GigaVacuumMobil//GigaVacuumMobil.xml
[0.336s] -- Up-to-date symlink: /home/adam-warn/GigaVacuumMobil/install/GigaVacuumMobil/lib/libGigaVacuumMobil.so
[0.336s] -- Up-to-date symlink: /home/adam-warn/GigaVacuumMobil/install/GigaVacuumMobil/include/GigaVacuumMobil/GigaVacuumMobil/diffdrive_hardware.hpp
[0.337s] -- Up-to-date symlink: /home/adam-warn/GigaVacuumMobil/install/GigaVacuumMobil/share/GigaVacuumMobil//launch/gazebo.launch.py
[0.338s] -- Up-to-date symlink: /home/adam-warn/GigaVacuumMobil/install/GigaVacuumMobil/share/GigaVacuumMobil//launch/navigation_simple.launch.py
[0.338s] -- Up-to-date symlink: /home/adam-warn/GigaVacuumMobil/install/GigaVacuumMobil/share/GigaVacuumMobil//launch/robot.launch.py
[0.338s] -- Up-to-date symlink: /home/adam-warn/GigaVacuumMobil/install/GigaVacuumMobil/share/GigaVacuumMobil//launch/slam.launch.py
[0.339s] -- Up-to-date symlink: /home/adam-warn/GigaVacuumMobil/install/GigaVacuumMobil/lib/GigaVacuumMobil/cmd_vel_relay.py
[0.339s] -- Up-to-date symlink: /home/adam-warn/GigaVacuumMobil/install/GigaVacuumMobil/lib/GigaVacuumMobil/odom_frame_fixer.py
[0.339s] -- Up-to-date symlink: /home/adam-warn/GigaVacuumMobil/install/GigaVacuumMobil/share/GigaVacuumMobil//config/cartographer.lua
[0.340s] -- Up-to-date symlink: /home/adam-warn/GigaVacuumMobil/install/GigaVacuumMobil/share/GigaVacuumMobil//config/controllers.yaml
[0.340s] -- Up-to-date symlink: /home/adam-warn/GigaVacuumMobil/install/GigaVacuumMobil/share/GigaVacuumMobil//config/gz_bridge.yaml
[0.340s] -- Up-to-date symlink: /home/adam-warn/GigaVacuumMobil/install/GigaVacuumMobil/share/GigaVacuumMobil//config/nav2_params.yaml
[0.340s] -- Up-to-date symlink: /home/adam-warn/GigaVacuumMobil/install/GigaVacuumMobil/share/GigaVacuumMobil//config/robot.rviz
[0.340s] -- Up-to-date symlink: /home/adam-warn/GigaVacuumMobil/install/GigaVacuumMobil/share/GigaVacuumMobil//urdf/GigaVacuumMobile.urdf.xacro
[0.340s] -- Up-to-date symlink: /home/adam-warn/GigaVacuumMobil/install/GigaVacuumMobil/share/GigaVacuumMobil//worlds/vacuum_world.sdf
[0.341s] -- Up-to-date symlink: /home/adam-warn/GigaVacuumMobil/install/GigaVacuumMobil/share/GigaVacuumMobil//rviz/navigation.rviz
[0.341s] -- Up-to-date symlink: /home/adam-warn/GigaVacuumMobil/install/GigaVacuumMobil/share/GigaVacuumMobil//rviz/slam.rviz
[0.341s] -- Up-to-date symlink: /home/adam-warn/GigaVacuumMobil/install/GigaVacuumMobil/share/GigaVacuumMobil//maps/my_map.pgm
[0.342s] -- Up-to-date symlink: /home/adam-warn/GigaVacuumMobil/install/GigaVacuumMobil/share/GigaVacuumMobil//maps/my_map.yaml
[0.342s] -- Up-to-date symlink: /home/adam-warn/GigaVacuumMobil/install/GigaVacuumMobil/share/GigaVacuumMobil//arduino/encoder_motor_driver.ino
[0.342s] -- Up-to-date symlink: /home/adam-warn/GigaVacuumMobil/install/GigaVacuumMobil/share/GigaVacuumMobil/environment/library_path.sh
[0.342s] -- Up-to-date symlink: /home/adam-warn/GigaVacuumMobil/install/GigaVacuumMobil/share/GigaVacuumMobil/environment/library_path.dsv
[0.343s] -- Up-to-date symlink: /home/adam-warn/GigaVacuumMobil/install/GigaVacuumMobil/share/ament_index/resource_index/package_run_dependencies/GigaVacuumMobil
[0.343s] -- Up-to-date symlink: /home/adam-warn/GigaVacuumMobil/install/GigaVacuumMobil/share/ament_index/resource_index/parent_prefix_path/GigaVacuumMobil
[0.344s] -- Up-to-date symlink: /home/adam-warn/GigaVacuumMobil/install/GigaVacuumMobil/share/GigaVacuumMobil/environment/ament_prefix_path.sh
[0.344s] -- Up-to-date symlink: /home/adam-warn/GigaVacuumMobil/install/GigaVacuumMobil/share/GigaVacuumMobil/environment/ament_prefix_path.dsv
[0.344s] -- Up-to-date symlink: /home/adam-warn/GigaVacuumMobil/install/GigaVacuumMobil/share/GigaVacuumMobil/environment/path.sh
[0.344s] -- Up-to-date symlink: /home/adam-warn/GigaVacuumMobil/install/GigaVacuumMobil/share/GigaVacuumMobil/environment/path.dsv
[0.345s] -- Up-to-date symlink: /home/adam-warn/GigaVacuumMobil/install/GigaVacuumMobil/share/GigaVacuumMobil/local_setup.bash
[0.345s] -- Up-to-date symlink: /home/adam-warn/GigaVacuumMobil/install/GigaVacuumMobil/share/GigaVacuumMobil/local_setup.sh
[0.346s] -- Up-to-date symlink: /home/adam-warn/GigaVacuumMobil/install/GigaVacuumMobil/share/GigaVacuumMobil/local_setup.zsh
[0.346s] -- Up-to-date symlink: /home/adam-warn/GigaVacuumMobil/install/GigaVacuumMobil/share/GigaVacuumMobil/local_setup.dsv
[0.346s] -- Symlinking: /home/adam-warn/GigaVacuumMobil/install/GigaVacuumMobil/share/GigaVacuumMobil/package.dsv
[0.361s] -- Up-to-date symlink: /home/adam-warn/GigaVacuumMobil/install/GigaVacuumMobil/share/ament_index/resource_index/packages/GigaVacuumMobil
[0.361s] -- Up-to-date symlink: /home/adam-warn/GigaVacuumMobil/install/GigaVacuumMobil/share/ament_index/resource_index/hardware_interface__pluginlib__plugin/GigaVacuumMobil
[0.362s] -- Up-to-date symlink: /home/adam-warn/GigaVacuumMobil/install/GigaVacuumMobil/share/GigaVacuumMobil/cmake/ament_cmake_export_include_directories-extras.cmake
[0.362s] -- Up-to-date symlink: /home/adam-warn/GigaVacuumMobil/install/GigaVacuumMobil/share/GigaVacuumMobil/cmake/ament_cmake_export_libraries-extras.cmake
[0.362s] -- Up-to-date symlink: /home/adam-warn/GigaVacuumMobil/install/GigaVacuumMobil/share/GigaVacuumMobil/cmake/ament_cmake_export_dependencies-extras.cmake
[0.362s] -- Up-to-date symlink: /home/adam-warn/GigaVacuumMobil/install/GigaVacuumMobil/share/GigaVacuumMobil/cmake/GigaVacuumMobilConfig.cmake
[0.363s] -- Up-to-date symlink: /home/adam-warn/GigaVacuumMobil/install/GigaVacuumMobil/share/GigaVacuumMobil/cmake/GigaVacuumMobilConfig-version.cmake
[0.363s] -- Up-to-date symlink: /home/adam-warn/GigaVacuumMobil/install/GigaVacuumMobil/share/GigaVacuumMobil/package.xml
[0.367s] Invoked command in '/home/adam-warn/GigaVacuumMobil/build/GigaVacuumMobil' returned '0': CMAKE_PREFIX_PATH=${CMAKE_PREFIX_PATH}:/home/adam-warn/GigaVacuumMobil/install/cleaning_planner:/opt/ros/jazzy DEBUGINFOD_URLS=https://debuginfod.ubuntu.com /usr/bin/cmake --install /home/adam-warn/GigaVacuumMobil/build/GigaVacuumMobil
