[1.190s] Invoking command in '/home/adam-warn/GigaVacuumMobil/src/cleaning_planner': DEBUGINFOD_URLS=https://debuginfod.ubuntu.com PYTHONPATH=/home/adam-warn/GigaVacuumMobil/build/cleaning_planner/prefix_override:/usr/lib/python3/dist-packages/colcon_core/task/python/colcon_distutils_commands:/home/adam-warn/GigaVacuumMobil/install/cleaning_planner/lib/python3.12/site-packages:${PYTHONPATH} /usr/bin/python3 -W ignore:setup.py install is deprecated -W ignore:easy_install command is deprecated setup.py egg_info --egg-base ../../build/cleaning_planner build --build-base /home/adam-warn/GigaVacuumMobil/build/cleaning_planner/build install --record /home/adam-warn/GigaVacuumMobil/build/cleaning_planner/install.log --single-version-externally-managed install_data
[1.570s] running egg_info
[1.599s] writing ../../build/cleaning_planner/cleaning_planner.egg-info/PKG-INFO
[1.599s] writing dependency_links to ../../build/cleaning_planner/cleaning_planner.egg-info/dependency_links.txt
[1.600s] writing entry points to ../../build/cleaning_planner/cleaning_planner.egg-info/entry_points.txt
[1.600s] writing requirements to ../../build/cleaning_planner/cleaning_planner.egg-info/requires.txt
[1.600s] writing top-level names to ../../build/cleaning_planner/cleaning_planner.egg-info/top_level.txt
[1.658s] reading manifest file '../../build/cleaning_planner/cleaning_planner.egg-info/SOURCES.txt'
[1.659s] writing manifest file '../../build/cleaning_planner/cleaning_planner.egg-info/SOURCES.txt'
[1.660s] running build
[1.660s] running build_py
[1.661s] copying cleaning_planner/coverage_planner_node.py -> /home/adam-warn/GigaVacuumMobil/build/cleaning_planner/build/lib/cleaning_planner
[1.661s] copying cleaning_planner/coverage_executor_node.py -> /home/adam-warn/GigaVacuumMobil/build/cleaning_planner/build/lib/cleaning_planner
[1.662s] copying cleaning_planner/waypoint_generator.py -> /home/adam-warn/GigaVacuumMobil/build/cleaning_planner/build/lib/cleaning_planner
[1.662s] copying cleaning_planner/coverage_planner_core.py -> /home/adam-warn/GigaVacuumMobil/build/cleaning_planner/build/lib/cleaning_planner
[1.662s] running install
[1.670s] running install_lib
[1.701s] copying /home/adam-warn/GigaVacuumMobil/build/cleaning_planner/build/lib/cleaning_planner/coverage_planner_node.py -> /home/adam-warn/GigaVacuumMobil/install/cleaning_planner/lib/python3.12/site-packages/cleaning_planner
[1.701s] copying /home/adam-warn/GigaVacuumMobil/build/cleaning_planner/build/lib/cleaning_planner/coverage_executor_node.py -> /home/adam-warn/GigaVacuumMobil/install/cleaning_planner/lib/python3.12/site-packages/cleaning_planner
[1.701s] copying /home/adam-warn/GigaVacuumMobil/build/cleaning_planner/build/lib/cleaning_planner/waypoint_generator.py -> /home/adam-warn/GigaVacuumMobil/install/cleaning_planner/lib/python3.12/site-packages/cleaning_planner
[1.701s] copying /home/adam-warn/GigaVacuumMobil/build/cleaning_planner/build/lib/cleaning_planner/coverage_planner_core.py -> /home/adam-warn/GigaVacuumMobil/install/cleaning_planner/lib/python3.12/site-packages/cleaning_planner
[1.702s] byte-compiling /home/adam-warn/GigaVacuumMobil/install/cleaning_planner/lib/python3.12/site-packages/cleaning_planner/coverage_planner_node.py to coverage_planner_node.cpython-312.pyc
[1.704s] byte-compiling /home/adam-warn/GigaVacuumMobil/install/cleaning_planner/lib/python3.12/site-packages/cleaning_planner/coverage_executor_node.py to coverage_executor_node.cpython-312.pyc
[1.705s] byte-compiling /home/adam-warn/GigaVacuumMobil/install/cleaning_planner/lib/python3.12/site-packages/cleaning_planner/waypoint_generator.py to waypoint_generator.cpython-312.pyc
[1.706s] byte-compiling /home/adam-warn/GigaVacuumMobil/install/cleaning_planner/lib/python3.12/site-packages/cleaning_planner/coverage_planner_core.py to coverage_planner_core.cpython-312.pyc
[1.709s] running install_data
[1.709s] copying package.xml -> /home/adam-warn/GigaVacuumMobil/install/cleaning_planner/share/cleaning_planner
[1.709s] copying launch/coverage_pipeline.launch.py -> /home/adam-warn/GigaVacuumMobil/install/cleaning_planner/share/cleaning_planner/launch
[1.710s] running install_egg_info
[1.741s] removing '/home/adam-warn/GigaVacuumMobil/install/cleaning_planner/lib/python3.12/site-packages/cleaning_planner-0.0.0-py3.12.egg-info' (and everything under it)
[1.742s] Copying ../../build/cleaning_planner/cleaning_planner.egg-info to /home/adam-warn/GigaVacuumMobil/install/cleaning_planner/lib/python3.12/site-packages/cleaning_planner-0.0.0-py3.12.egg-info
[1.743s] running install_scripts
[1.938s] Installing coverage_executor_node script to /home/adam-warn/GigaVacuumMobil/install/cleaning_planner/lib/cleaning_planner
[1.938s] Installing coverage_planner_node script to /home/adam-warn/GigaVacuumMobil/install/cleaning_planner/lib/cleaning_planner
[1.938s] Installing waypoint_generator script to /home/adam-warn/GigaVacuumMobil/install/cleaning_planner/lib/cleaning_planner
[1.939s] writing list of installed files to '/home/adam-warn/GigaVacuumMobil/build/cleaning_planner/install.log'
[1.985s] Invoked command in '/home/adam-warn/GigaVacuumMobil/src/cleaning_planner' returned '0': DEBUGINFOD_URLS=https://debuginfod.ubuntu.com PYTHONPATH=/home/adam-warn/GigaVacuumMobil/build/cleaning_planner/prefix_override:/usr/lib/python3/dist-packages/colcon_core/task/python/colcon_distutils_commands:/home/adam-warn/GigaVacuumMobil/install/cleaning_planner/lib/python3.12/site-packages:${PYTHONPATH} /usr/bin/python3 -W ignore:setup.py install is deprecated -W ignore:easy_install command is deprecated setup.py egg_info --egg-base ../../build/cleaning_planner build --build-base /home/adam-warn/GigaVacuumMobil/build/cleaning_planner/build install --record /home/adam-warn/GigaVacuumMobil/build/cleaning_planner/install.log --single-version-externally-managed install_data
