[1.082s] Invoking command in '/home/adam-warn/GigaVacuumMobil/src/map_maintenance': DEBUGINFOD_URLS=https://debuginfod.ubuntu.com PYTHONPATH=/home/adam-warn/GigaVacuumMobil/build/map_maintenance/prefix_override:/usr/lib/python3/dist-packages/colcon_core/task/python/colcon_distutils_commands:/home/adam-warn/GigaVacuumMobil/install/map_maintenance/lib/python3.12/site-packages:${PYTHONPATH} /usr/bin/python3 -W ignore:setup.py install is deprecated -W ignore:easy_install command is deprecated setup.py egg_info --egg-base ../../build/map_maintenance build --build-base /home/adam-warn/GigaVacuumMobil/build/map_maintenance/build install --record /home/adam-warn/GigaVacuumMobil/build/map_maintenance/install.log --single-version-externally-managed install_data
[1.358s] running egg_info
[1.380s] writing ../../build/map_maintenance/map_maintenance.egg-info/PKG-INFO
[1.380s] writing dependency_links to ../../build/map_maintenance/map_maintenance.egg-info/dependency_links.txt
[1.380s] writing entry points to ../../build/map_maintenance/map_maintenance.egg-info/entry_points.txt
[1.380s] writing requirements to ../../build/map_maintenance/map_maintenance.egg-info/requires.txt
[1.380s] writing top-level names to ../../build/map_maintenance/map_maintenance.egg-info/top_level.txt
[1.426s] reading manifest file '../../build/map_maintenance/map_maintenance.egg-info/SOURCES.txt'
[1.427s] writing manifest file '../../build/map_maintenance/map_maintenance.egg-info/SOURCES.txt'
[1.427s] running build
[1.427s] running build_py
[1.427s] copying map_maintenance/map_updater_node.py -> /home/adam-warn/GigaVacuumMobil/build/map_maintenance/build/lib/map_maintenance
[1.428s] running install
[1.434s] running install_lib
[1.456s] copying /home/adam-warn/GigaVacuumMobil/build/map_maintenance/build/lib/map_maintenance/map_updater_node.py -> /home/adam-warn/GigaVacuumMobil/install/map_maintenance/lib/python3.12/site-packages/map_maintenance
[1.456s] byte-compiling /home/adam-warn/GigaVacuumMobil/install/map_maintenance/lib/python3.12/site-packages/map_maintenance/map_updater_node.py to map_updater_node.cpython-312.pyc
[1.459s] running install_data
[1.459s] copying resource/map_maintenance -> /home/adam-warn/GigaVacuumMobil/install/map_maintenance/share/ament_index/resource_index/packages
[1.459s] copying package.xml -> /home/adam-warn/GigaVacuumMobil/install/map_maintenance/share/map_maintenance
[1.459s] running install_egg_info
[1.482s] removing '/home/adam-warn/GigaVacuumMobil/install/map_maintenance/lib/python3.12/site-packages/map_maintenance-0.1.0-py3.12.egg-info' (and everything under it)
[1.482s] Copying ../../build/map_maintenance/map_maintenance.egg-info to /home/adam-warn/GigaVacuumMobil/install/map_maintenance/lib/python3.12/site-packages/map_maintenance-0.1.0-py3.12.egg-info
[1.483s] running install_scripts
[1.630s] Installing map_updater_node script to /home/adam-warn/GigaVacuumMobil/install/map_maintenance/lib/map_maintenance
[1.630s] writing list of installed files to '/home/adam-warn/GigaVacuumMobil/build/map_maintenance/install.log'
[1.653s] Invoked command in '/home/adam-warn/GigaVacuumMobil/src/map_maintenance' returned '0': DEBUGINFOD_URLS=https://debuginfod.ubuntu.com PYTHONPATH=/home/adam-warn/GigaVacuumMobil/build/map_maintenance/prefix_override:/usr/lib/python3/dist-packages/colcon_core/task/python/colcon_distutils_commands:/home/adam-warn/GigaVacuumMobil/install/map_maintenance/lib/python3.12/site-packages:${PYTHONPATH} /usr/bin/python3 -W ignore:setup.py install is deprecated -W ignore:easy_install command is deprecated setup.py egg_info --egg-base ../../build/map_maintenance build --build-base /home/adam-warn/GigaVacuumMobil/build/map_maintenance/build install --record /home/adam-warn/GigaVacuumMobil/build/map_maintenance/install.log --single-version-externally-managed install_data
