[1.608s] Invoking command in '/home/adam-warn/GigaVacuumMobil/src/patterns': DEBUGINFOD_URLS=https://debuginfod.ubuntu.com PYTHONPATH=/home/adam-warn/GigaVacuumMobil/build/patterns/prefix_override:/usr/lib/python3/dist-packages/colcon_core/task/python/colcon_distutils_commands:/home/adam-warn/GigaVacuumMobil/install/patterns/lib/python3.12/site-packages:${PYTHONPATH} /usr/bin/python3 -W ignore:setup.py install is deprecated -W ignore:easy_install command is deprecated setup.py egg_info --egg-base ../../build/patterns build --build-base /home/adam-warn/GigaVacuumMobil/build/patterns/build install --record /home/adam-warn/GigaVacuumMobil/build/patterns/install.log --single-version-externally-managed install_data
[1.891s] running egg_info
[1.913s] writing ../../build/patterns/patterns.egg-info/PKG-INFO
[1.913s] writing dependency_links to ../../build/patterns/patterns.egg-info/dependency_links.txt
[1.913s] writing entry points to ../../build/patterns/patterns.egg-info/entry_points.txt
[1.913s] writing requirements to ../../build/patterns/patterns.egg-info/requires.txt
[1.913s] writing top-level names to ../../build/patterns/patterns.egg-info/top_level.txt
[1.959s] reading manifest file '../../build/patterns/patterns.egg-info/SOURCES.txt'
[1.960s] writing manifest file '../../build/patterns/patterns.egg-info/SOURCES.txt'
[1.960s] running build
[1.960s] running build_py
[1.961s] running install
[1.967s] running install_lib
[1.991s] running install_data
[1.992s] running install_egg_info
[2.014s] removing '/home/adam-warn/GigaVacuumMobil/install/patterns/lib/python3.12/site-packages/patterns-0.1.0-py3.12.egg-info' (and everything under it)
[2.014s] Copying ../../build/patterns/patterns.egg-info to /home/adam-warn/GigaVacuumMobil/install/patterns/lib/python3.12/site-packages/patterns-0.1.0-py3.12.egg-info
[2.015s] running install_scripts
[2.174s] Installing pattern_manager script to /home/adam-warn/GigaVacuumMobil/install/patterns/lib/patterns
[2.174s] writing list of installed files to '/home/adam-warn/GigaVacuumMobil/build/patterns/install.log'
[2.203s] Invoked command in '/home/adam-warn/GigaVacuumMobil/src/patterns' returned '0': DEBUGINFOD_URLS=https://debuginfod.ubuntu.com PYTHONPATH=/home/adam-warn/GigaVacuumMobil/build/patterns/prefix_override:/usr/lib/python3/dist-packages/colcon_core/task/python/colcon_distutils_commands:/home/adam-warn/GigaVacuumMobil/install/patterns/lib/python3.12/site-packages:${PYTHONPATH} /usr/bin/python3 -W ignore:setup.py install is deprecated -W ignore:easy_install command is deprecated setup.py egg_info --egg-base ../../build/patterns build --build-base /home/adam-warn/GigaVacuumMobil/build/patterns/build install --record /home/adam-warn/GigaVacuumMobil/build/patterns/install.log --single-version-externally-managed install_data
