/home/adam-warn/GigaVacuumMobil/install/patterns/lib/python3.12/site-packages/patterns/__init__.py
/home/adam-warn/GigaVacuumMobil/install/patterns/lib/python3.12/site-packages/patterns/behavior_tree/__init__.py
/home/adam-warn/GigaVacuumMobil/install/patterns/lib/python3.12/site-packages/patterns/behavior_tree/manager_node.py
/home/adam-warn/GigaVacuumMobil/install/patterns/lib/python3.12/site-packages/patterns/patterns/__init__.py
/home/adam-warn/GigaVacuumMobil/install/patterns/lib/python3.12/site-packages/patterns/patterns/exploration/__init__.py
/home/adam-warn/GigaVacuumMobil/install/patterns/lib/python3.12/site-packages/patterns/patterns/exploration/nodes/frontier_supervisor.py
/home/adam-warn/GigaVacuumMobil/install/patterns/lib/python3.12/site-packages/patterns/patterns/exploration/nodes/__init__.py
/home/adam-warn/GigaVacuumMobil/install/patterns/lib/python3.12/site-packages/patterns/patterns/systematic_cleaning/__init__.py
/home/adam-warn/GigaVacuumMobil/install/patterns/lib/python3.12/site-packages/patterns/patterns/systematic_cleaning/nodes/coverage_trigger.py
/home/adam-warn/GigaVacuumMobil/install/patterns/lib/python3.12/site-packages/patterns/patterns/systematic_cleaning/nodes/__init__.py
/home/adam-warn/GigaVacuumMobil/install/patterns/lib/python3.12/site-packages/patterns/__pycache__/__init__.cpython-312.pyc
/home/adam-warn/GigaVacuumMobil/install/patterns/lib/python3.12/site-packages/patterns/behavior_tree/__pycache__/__init__.cpython-312.pyc
/home/adam-warn/GigaVacuumMobil/install/patterns/lib/python3.12/site-packages/patterns/behavior_tree/__pycache__/manager_node.cpython-312.pyc
/home/adam-warn/GigaVacuumMobil/install/patterns/lib/python3.12/site-packages/patterns/patterns/__pycache__/__init__.cpython-312.pyc
/home/adam-warn/GigaVacuumMobil/install/patterns/lib/python3.12/site-packages/patterns/patterns/exploration/__pycache__/__init__.cpython-312.pyc
/home/adam-warn/GigaVacuumMobil/install/patterns/lib/python3.12/site-packages/patterns/patterns/exploration/nodes/__pycache__/frontier_supervisor.cpython-312.pyc
/home/adam-warn/GigaVacuumMobil/install/patterns/lib/python3.12/site-packages/patterns/patterns/exploration/nodes/__pycache__/__init__.cpython-312.pyc
/home/adam-warn/GigaVacuumMobil/install/patterns/lib/python3.12/site-packages/patterns/patterns/systematic_cleaning/__pycache__/__init__.cpython-312.pyc
/home/adam-warn/GigaVacuumMobil/install/patterns/lib/python3.12/site-packages/patterns/patterns/systematic_cleaning/nodes/__pycache__/coverage_trigger.cpython-312.pyc
/home/adam-warn/GigaVacuumMobil/install/patterns/lib/python3.12/site-packages/patterns/patterns/systematic_cleaning/nodes/__pycache__/__init__.cpython-312.pyc
/home/adam-warn/GigaVacuumMobil/install/patterns/share/ament_index/resource_index/packages/patterns
/home/adam-warn/GigaVacuumMobil/install/patterns/share/patterns/package.xml
/home/adam-warn/GigaVacuumMobil/install/patterns/lib/python3.12/site-packages/patterns-0.1.0-py3.12.egg-info/zip-safe
/home/adam-warn/GigaVacuumMobil/install/patterns/lib/python3.12/site-packages/patterns-0.1.0-py3.12.egg-info/dependency_links.txt
/home/adam-warn/GigaVacuumMobil/install/patterns/lib/python3.12/site-packages/patterns-0.1.0-py3.12.egg-info/SOURCES.txt
/home/adam-warn/GigaVacuumMobil/install/patterns/lib/python3.12/site-packages/patterns-0.1.0-py3.12.egg-info/PKG-INFO
/home/adam-warn/GigaVacuumMobil/install/patterns/lib/python3.12/site-packages/patterns-0.1.0-py3.12.egg-info/top_level.txt
/home/adam-warn/GigaVacuumMobil/install/patterns/lib/python3.12/site-packages/patterns-0.1.0-py3.12.egg-info/entry_points.txt
/home/adam-warn/GigaVacuumMobil/install/patterns/lib/python3.12/site-packages/patterns-0.1.0-py3.12.egg-info/requires.txt
/home/adam-warn/GigaVacuumMobil/install/patterns/lib/patterns/pattern_manager
