[0.011s] Invoking command in '/home/adam-warn/GigaVacuumMobil/build/GigaVacuumMobil': CMAKE_PREFIX_PATH=${CMAKE_PREFIX_PATH}:/opt/ros/jazzy DEBUGINFOD_URLS=https://debuginfod.ubuntu.com /usr/bin/cmake --build /home/adam-warn/GigaVacuumMobil/build/GigaVacuumMobil -- -j12 -l12
[0.047s] -- Found ament_cmake: 2.5.4 (/opt/ros/jazzy/share/ament_cmake/cmake)
[0.245s] -- Override CMake install command with custom implementation using symlinks instead of copying resources
[0.252s] -- Found hardware_interface: 4.38.0 (/opt/ros/jazzy/share/hardware_interface/cmake)
[0.284s] -- Found rosidl_generator_c: 4.6.6 (/opt/ros/jazzy/share/rosidl_generator_c/cmake)
[0.294s] -- Found rosidl_generator_cpp: 4.6.6 (/opt/ros/jazzy/share/rosidl_generator_cpp/cmake)
[0.306s] -- Using all available rosidl_typesupport_c: rosidl_typesupport_fastrtps_c;rosidl_typesupport_introspection_c
[0.320s] -- Using all available rosidl_typesupport_cpp: rosidl_typesupport_fastrtps_cpp;rosidl_typesupport_introspection_cpp
[0.529s] -- Found TinyXML2 via Config file: /usr/lib/x86_64-linux-gnu/cmake/tinyxml2
[0.567s] -- Found rmw_implementation_cmake: 7.3.2 (/opt/ros/jazzy/share/rmw_implementation_cmake/cmake)
[0.568s] -- Found rmw_fastrtps_cpp: 8.4.3 (/opt/ros/jazzy/share/rmw_fastrtps_cpp/cmake)
[0.587s] -- Found TinyXML2 via Config file: /usr/lib/x86_64-linux-gnu/cmake/tinyxml2
[0.596s] -- Found TinyXML2 via Config file: /usr/lib/x86_64-linux-gnu/cmake/tinyxml2
[0.615s] -- Found TinyXML2 via Config file: /usr/lib/x86_64-linux-gnu/cmake/tinyxml2
[0.625s] -- Found TinyXML2 via Config file: /usr/lib/x86_64-linux-gnu/cmake/tinyxml2
[0.637s] -- Using RMW implementation 'rmw_fastrtps_cpp' as default
[0.777s] -- Found control_toolbox: 4.8.1 (/opt/ros/jazzy/share/control_toolbox/cmake)
[0.816s] -- Found eigen3_cmake_module: 0.3.0 (/opt/ros/jazzy/share/eigen3_cmake_module/cmake)
[0.817s] -- Ensuring Eigen3 include directory is part of orocos-kdl CMake target
[0.902s] -- Found ament_lint_auto: 0.17.3 (/opt/ros/jazzy/share/ament_lint_auto/cmake)
[0.973s] WARNING: Package name "GigaVacuumMobil" does not follow the naming conventions. It should start with a lower case letter and only contain lower case letters, digits, underscores, and dashes.
[0.998s] -- Added test 'copyright' to check source files copyright and LICENSE
[1.000s] -- Added test 'cppcheck' to perform static code analysis on C / C++ code
[1.001s] -- Configured cppcheck include dirs: $<BUILD_INTERFACE:/home/adam-warn/GigaVacuumMobil/src/GigaVacuumMobil/include>
[1.001s] -- Configured cppcheck exclude dirs and/or files: 
[1.003s] -- Added test 'cpplint' to check C / C++ code against the Google style
[1.003s] -- Configured cpplint exclude dirs and/or files: 
[1.004s] -- Added test 'flake8' to check Python code syntax and style conventions
[1.004s] -- Configured 'flake8' exclude dirs and/or files: 
[1.005s] -- Added test 'lint_cmake' to check CMake code style
[1.005s] -- Added test 'pep257' to check Python code against some of the docstring style conventions in PEP 257
[1.008s] -- Added test 'uncrustify' to check C / C++ code style
[1.008s] -- Configured uncrustify additional arguments: 
[1.008s] -- Added test 'xmllint' to check XML markup files
[1.011s] -- Configuring done (1.0s)
[1.042s] -- Generating done (0.0s)
[1.048s] -- Build files have been written to: /home/adam-warn/GigaVacuumMobil/build/GigaVacuumMobil
[1.113s] [100%] Built target GigaVacuumMobil
[1.128s] Invoked command in '/home/adam-warn/GigaVacuumMobil/build/GigaVacuumMobil' returned '0': CMAKE_PREFIX_PATH=${CMAKE_PREFIX_PATH}:/opt/ros/jazzy DEBUGINFOD_URLS=https://debuginfod.ubuntu.com /usr/bin/cmake --build /home/adam-warn/GigaVacuumMobil/build/GigaVacuumMobil -- -j12 -l12
[1.140s] Invoking command in '/home/adam-warn/GigaVacuumMobil/build/GigaVacuumMobil': CMAKE_PREFIX_PATH=${CMAKE_PREFIX_PATH}:/opt/ros/jazzy DEBUGINFOD_URLS=https://debuginfod.ubuntu.com /usr/bin/cmake --install /home/adam-warn/GigaVacuumMobil/build/GigaVacuumMobil
[1.151s] -- Install configuration: ""
[1.151s] -- Execute custom install script
[1.151s] -- Up-to-date symlink: /home/adam-warn/GigaVacuumMobil/install/GigaVacuumMobil/share/GigaVacuumMobil//GigaVacuumMobil.xml
[1.152s] -- Up-to-date symlink: /home/adam-warn/GigaVacuumMobil/install/GigaVacuumMobil/lib/libGigaVacuumMobil.so
[1.152s] -- Up-to-date symlink: /home/adam-warn/GigaVacuumMobil/install/GigaVacuumMobil/include/GigaVacuumMobil/GigaVacuumMobil/diffdrive_hardware.hpp
[1.153s] -- Up-to-date symlink: /home/adam-warn/GigaVacuumMobil/install/GigaVacuumMobil/share/GigaVacuumMobil//launch/gazebo.launch.py
[1.153s] -- Up-to-date symlink: /home/adam-warn/GigaVacuumMobil/install/GigaVacuumMobil/share/GigaVacuumMobil//launch/robot.launch.py
[1.153s] -- Up-to-date symlink: /home/adam-warn/GigaVacuumMobil/install/GigaVacuumMobil/share/GigaVacuumMobil//config/controllers.yaml
[1.153s] -- Up-to-date symlink: /home/adam-warn/GigaVacuumMobil/install/GigaVacuumMobil/share/GigaVacuumMobil//config/gz_bridge.yaml
[1.154s] -- Up-to-date symlink: /home/adam-warn/GigaVacuumMobil/install/GigaVacuumMobil/share/GigaVacuumMobil//config/robot.rviz
[1.154s] -- Up-to-date symlink: /home/adam-warn/GigaVacuumMobil/install/GigaVacuumMobil/share/GigaVacuumMobil//urdf/GigaVacuumMobile.urdf.xacro
[1.154s] -- Up-to-date symlink: /home/adam-warn/GigaVacuumMobil/install/GigaVacuumMobil/share/GigaVacuumMobil//worlds/vacuum_world.sdf
[1.154s] -- Up-to-date symlink: /home/adam-warn/GigaVacuumMobil/install/GigaVacuumMobil/share/GigaVacuumMobil//arduino/encoder_motor_driver.ino
[1.155s] -- Up-to-date symlink: /home/adam-warn/GigaVacuumMobil/install/GigaVacuumMobil/share/GigaVacuumMobil/environment/library_path.sh
[1.155s] -- Up-to-date symlink: /home/adam-warn/GigaVacuumMobil/install/GigaVacuumMobil/share/GigaVacuumMobil/environment/library_path.dsv
[1.155s] -- Up-to-date symlink: /home/adam-warn/GigaVacuumMobil/install/GigaVacuumMobil/share/ament_index/resource_index/package_run_dependencies/GigaVacuumMobil
[1.155s] -- Up-to-date symlink: /home/adam-warn/GigaVacuumMobil/install/GigaVacuumMobil/share/ament_index/resource_index/parent_prefix_path/GigaVacuumMobil
[1.155s] -- Up-to-date symlink: /home/adam-warn/GigaVacuumMobil/install/GigaVacuumMobil/share/GigaVacuumMobil/environment/ament_prefix_path.sh
[1.156s] -- Up-to-date symlink: /home/adam-warn/GigaVacuumMobil/install/GigaVacuumMobil/share/GigaVacuumMobil/environment/ament_prefix_path.dsv
[1.156s] -- Up-to-date symlink: /home/adam-warn/GigaVacuumMobil/install/GigaVacuumMobil/share/GigaVacuumMobil/environment/path.sh
[1.156s] -- Up-to-date symlink: /home/adam-warn/GigaVacuumMobil/install/GigaVacuumMobil/share/GigaVacuumMobil/environment/path.dsv
[1.156s] -- Up-to-date symlink: /home/adam-warn/GigaVacuumMobil/install/GigaVacuumMobil/share/GigaVacuumMobil/local_setup.bash
[1.156s] -- Up-to-date symlink: /home/adam-warn/GigaVacuumMobil/install/GigaVacuumMobil/share/GigaVacuumMobil/local_setup.sh
[1.157s] -- Up-to-date symlink: /home/adam-warn/GigaVacuumMobil/install/GigaVacuumMobil/share/GigaVacuumMobil/local_setup.zsh
[1.157s] -- Up-to-date symlink: /home/adam-warn/GigaVacuumMobil/install/GigaVacuumMobil/share/GigaVacuumMobil/local_setup.dsv
[1.157s] -- Symlinking: /home/adam-warn/GigaVacuumMobil/install/GigaVacuumMobil/share/GigaVacuumMobil/package.dsv
[1.170s] -- Up-to-date symlink: /home/adam-warn/GigaVacuumMobil/install/GigaVacuumMobil/share/ament_index/resource_index/packages/GigaVacuumMobil
[1.170s] -- Up-to-date symlink: /home/adam-warn/GigaVacuumMobil/install/GigaVacuumMobil/share/ament_index/resource_index/hardware_interface__pluginlib__plugin/GigaVacuumMobil
[1.170s] -- Up-to-date symlink: /home/adam-warn/GigaVacuumMobil/install/GigaVacuumMobil/share/GigaVacuumMobil/cmake/ament_cmake_export_include_directories-extras.cmake
[1.170s] -- Up-to-date symlink: /home/adam-warn/GigaVacuumMobil/install/GigaVacuumMobil/share/GigaVacuumMobil/cmake/ament_cmake_export_libraries-extras.cmake
[1.171s] -- Up-to-date symlink: /home/adam-warn/GigaVacuumMobil/install/GigaVacuumMobil/share/GigaVacuumMobil/cmake/ament_cmake_export_dependencies-extras.cmake
[1.171s] -- Up-to-date symlink: /home/adam-warn/GigaVacuumMobil/install/GigaVacuumMobil/share/GigaVacuumMobil/cmake/GigaVacuumMobilConfig.cmake
[1.171s] -- Up-to-date symlink: /home/adam-warn/GigaVacuumMobil/install/GigaVacuumMobil/share/GigaVacuumMobil/cmake/GigaVacuumMobilConfig-version.cmake
[1.171s] -- Up-to-date symlink: /home/adam-warn/GigaVacuumMobil/install/GigaVacuumMobil/share/GigaVacuumMobil/package.xml
[1.173s] Invoked command in '/home/adam-warn/GigaVacuumMobil/build/GigaVacuumMobil' returned '0': CMAKE_PREFIX_PATH=${CMAKE_PREFIX_PATH}:/opt/ros/jazzy DEBUGINFOD_URLS=https://debuginfod.ubuntu.com /usr/bin/cmake --install /home/adam-warn/GigaVacuumMobil/build/GigaVacuumMobil
