[0.112s] DEBUG:colcon:Command line arguments: ['/usr/bin/colcon', 'build']
[0.112s] DEBUG:colcon:Parsed command line arguments: Namespace(log_base=None, log_level=None, verb_name='build', build_base='build', install_base='install', merge_install=False, symlink_install=False, test_result_base=None, continue_on_error=False, executor='parallel', parallel_workers=12, event_handlers=None, ignore_user_meta=False, metas=['./colcon.meta'], base_paths=['.'], packages_ignore=None, packages_ignore_regex=None, paths=None, packages_up_to=None, packages_up_to_regex=None, packages_above=None, packages_above_and_dependencies=None, packages_above_depth=None, packages_select_by_dep=None, packages_skip_by_dep=None, packages_skip_up_to=None, packages_select_build_failed=False, packages_skip_build_finished=False, packages_select_test_failures=False, packages_skip_test_passed=False, packages_select=None, packages_skip=None, packages_select_regex=None, packages_skip_regex=None, packages_start=None, packages_end=None, allow_overriding=[], cmake_args=None, cmake_target=None, cmake_target_skip_unavailable=False, cmake_clean_cache=False, cmake_clean_first=False, cmake_force_configure=False, ament_cmake_args=None, catkin_cmake_args=None, catkin_skip_building_tests=False, mixin_files=None, mixin=None, verb_parser=<colcon_mixin.mixin.mixin_argument.MixinArgumentDecorator object at 0x726217045be0>, verb_extension=<colcon_core.verb.build.BuildVerb object at 0x726216fb5400>, main=<bound method BuildVerb.main of <colcon_core.verb.build.BuildVerb object at 0x726216fb5400>>, mixin_verb=('build',))
[0.154s] Level 1:colcon.colcon_core.package_discovery:discover_packages(colcon_meta) check parameters
[0.154s] Level 1:colcon.colcon_core.package_discovery:discover_packages(recursive) check parameters
[0.154s] Level 1:colcon.colcon_core.package_discovery:discover_packages(ignore) check parameters
[0.154s] Level 1:colcon.colcon_core.package_discovery:discover_packages(path) check parameters
[0.154s] Level 1:colcon.colcon_core.package_discovery:discover_packages(colcon_meta) discover
[0.154s] Level 1:colcon.colcon_core.package_discovery:discover_packages(recursive) discover
[0.154s] INFO:colcon.colcon_core.package_discovery:Crawling recursively for packages in '/home/adam-warn/GigaVacuumMobil'
[0.155s] Level 1:colcon.colcon_core.package_identification:_identify(.) by extensions ['ignore', 'ignore_ament_install']
[0.155s] Level 1:colcon.colcon_core.package_identification:_identify(.) by extension 'ignore'
[0.155s] Level 1:colcon.colcon_core.package_identification:_identify(.) by extension 'ignore_ament_install'
[0.155s] Level 1:colcon.colcon_core.package_identification:_identify(.) by extensions ['colcon_pkg']
[0.155s] Level 1:colcon.colcon_core.package_identification:_identify(.) by extension 'colcon_pkg'
[0.155s] Level 1:colcon.colcon_core.package_identification:_identify(.) by extensions ['colcon_meta']
[0.155s] Level 1:colcon.colcon_core.package_identification:_identify(.) by extension 'colcon_meta'
[0.155s] Level 1:colcon.colcon_core.package_identification:_identify(.) by extensions ['ros']
[0.155s] Level 1:colcon.colcon_core.package_identification:_identify(.) by extension 'ros'
[0.180s] Level 1:colcon.colcon_core.package_identification:_identify(.) by extensions ['cmake', 'python']
[0.181s] Level 1:colcon.colcon_core.package_identification:_identify(.) by extension 'cmake'
[0.181s] Level 1:colcon.colcon_core.package_identification:_identify(.) by extension 'python'
[0.181s] Level 1:colcon.colcon_core.package_identification:_identify(.) by extensions ['python_setup_py']
[0.181s] Level 1:colcon.colcon_core.package_identification:_identify(.) by extension 'python_setup_py'
[0.181s] Level 1:colcon.colcon_core.package_identification:_identify(build) by extensions ['ignore', 'ignore_ament_install']
[0.181s] Level 1:colcon.colcon_core.package_identification:_identify(build) by extension 'ignore'
[0.181s] Level 1:colcon.colcon_core.package_identification:_identify(build) ignored
[0.181s] Level 1:colcon.colcon_core.package_identification:_identify(install) by extensions ['ignore', 'ignore_ament_install']
[0.181s] Level 1:colcon.colcon_core.package_identification:_identify(install) by extension 'ignore'
[0.181s] Level 1:colcon.colcon_core.package_identification:_identify(install) ignored
[0.182s] Level 1:colcon.colcon_core.package_identification:_identify(log) by extensions ['ignore', 'ignore_ament_install']
[0.182s] Level 1:colcon.colcon_core.package_identification:_identify(log) by extension 'ignore'
[0.182s] Level 1:colcon.colcon_core.package_identification:_identify(log) ignored
[0.182s] Level 1:colcon.colcon_core.package_identification:_identify(src) by extensions ['ignore', 'ignore_ament_install']
[0.182s] Level 1:colcon.colcon_core.package_identification:_identify(src) by extension 'ignore'
[0.182s] Level 1:colcon.colcon_core.package_identification:_identify(src) by extension 'ignore_ament_install'
[0.182s] Level 1:colcon.colcon_core.package_identification:_identify(src) by extensions ['colcon_pkg']
[0.182s] Level 1:colcon.colcon_core.package_identification:_identify(src) by extension 'colcon_pkg'
[0.182s] Level 1:colcon.colcon_core.package_identification:_identify(src) by extensions ['colcon_meta']
[0.182s] Level 1:colcon.colcon_core.package_identification:_identify(src) by extension 'colcon_meta'
[0.182s] Level 1:colcon.colcon_core.package_identification:_identify(src) by extensions ['ros']
[0.182s] Level 1:colcon.colcon_core.package_identification:_identify(src) by extension 'ros'
[0.182s] Level 1:colcon.colcon_core.package_identification:_identify(src) by extensions ['cmake', 'python']
[0.182s] Level 1:colcon.colcon_core.package_identification:_identify(src) by extension 'cmake'
[0.182s] Level 1:colcon.colcon_core.package_identification:_identify(src) by extension 'python'
[0.182s] Level 1:colcon.colcon_core.package_identification:_identify(src) by extensions ['python_setup_py']
[0.182s] Level 1:colcon.colcon_core.package_identification:_identify(src) by extension 'python_setup_py'
[0.182s] Level 1:colcon.colcon_core.package_identification:_identify(src/GigaVacuumMobil) by extensions ['ignore', 'ignore_ament_install']
[0.183s] Level 1:colcon.colcon_core.package_identification:_identify(src/GigaVacuumMobil) by extension 'ignore'
[0.183s] Level 1:colcon.colcon_core.package_identification:_identify(src/GigaVacuumMobil) by extension 'ignore_ament_install'
[0.183s] Level 1:colcon.colcon_core.package_identification:_identify(src/GigaVacuumMobil) by extensions ['colcon_pkg']
[0.183s] Level 1:colcon.colcon_core.package_identification:_identify(src/GigaVacuumMobil) by extension 'colcon_pkg'
[0.183s] Level 1:colcon.colcon_core.package_identification:_identify(src/GigaVacuumMobil) by extensions ['colcon_meta']
[0.183s] Level 1:colcon.colcon_core.package_identification:_identify(src/GigaVacuumMobil) by extension 'colcon_meta'
[0.183s] Level 1:colcon.colcon_core.package_identification:_identify(src/GigaVacuumMobil) by extensions ['ros']
[0.183s] Level 1:colcon.colcon_core.package_identification:_identify(src/GigaVacuumMobil) by extension 'ros'
[0.186s] DEBUG:colcon.colcon_core.package_identification:Package 'src/GigaVacuumMobil' with type 'ros.ament_cmake' and name 'GigaVacuumMobil'
[0.186s] Level 1:colcon.colcon_core.package_identification:_identify(src/cleaning_planner) by extensions ['ignore', 'ignore_ament_install']
[0.186s] Level 1:colcon.colcon_core.package_identification:_identify(src/cleaning_planner) by extension 'ignore'
[0.186s] Level 1:colcon.colcon_core.package_identification:_identify(src/cleaning_planner) by extension 'ignore_ament_install'
[0.186s] Level 1:colcon.colcon_core.package_identification:_identify(src/cleaning_planner) by extensions ['colcon_pkg']
[0.186s] Level 1:colcon.colcon_core.package_identification:_identify(src/cleaning_planner) by extension 'colcon_pkg'
[0.186s] Level 1:colcon.colcon_core.package_identification:_identify(src/cleaning_planner) by extensions ['colcon_meta']
[0.186s] Level 1:colcon.colcon_core.package_identification:_identify(src/cleaning_planner) by extension 'colcon_meta'
[0.186s] Level 1:colcon.colcon_core.package_identification:_identify(src/cleaning_planner) by extensions ['ros']
[0.186s] Level 1:colcon.colcon_core.package_identification:_identify(src/cleaning_planner) by extension 'ros'
[0.187s] DEBUG:colcon.colcon_core.package_identification:Package 'src/cleaning_planner' with type 'ros.ament_python' and name 'cleaning_planner'
[0.187s] Level 1:colcon.colcon_core.package_identification:_identify(src/map_maintenance) by extensions ['ignore', 'ignore_ament_install']
[0.187s] Level 1:colcon.colcon_core.package_identification:_identify(src/map_maintenance) by extension 'ignore'
[0.187s] Level 1:colcon.colcon_core.package_identification:_identify(src/map_maintenance) by extension 'ignore_ament_install'
[0.187s] Level 1:colcon.colcon_core.package_identification:_identify(src/map_maintenance) by extensions ['colcon_pkg']
[0.187s] Level 1:colcon.colcon_core.package_identification:_identify(src/map_maintenance) by extension 'colcon_pkg'
[0.187s] Level 1:colcon.colcon_core.package_identification:_identify(src/map_maintenance) by extensions ['colcon_meta']
[0.187s] Level 1:colcon.colcon_core.package_identification:_identify(src/map_maintenance) by extension 'colcon_meta'
[0.187s] Level 1:colcon.colcon_core.package_identification:_identify(src/map_maintenance) by extensions ['ros']
[0.187s] Level 1:colcon.colcon_core.package_identification:_identify(src/map_maintenance) by extension 'ros'
[0.188s] DEBUG:colcon.colcon_core.package_identification:Package 'src/map_maintenance' with type 'ros.ament_python' and name 'map_maintenance'
[0.188s] Level 1:colcon.colcon_core.package_identification:_identify(src/patterns) by extensions ['ignore', 'ignore_ament_install']
[0.188s] Level 1:colcon.colcon_core.package_identification:_identify(src/patterns) by extension 'ignore'
[0.188s] Level 1:colcon.colcon_core.package_identification:_identify(src/patterns) by extension 'ignore_ament_install'
[0.189s] Level 1:colcon.colcon_core.package_identification:_identify(src/patterns) by extensions ['colcon_pkg']
[0.189s] Level 1:colcon.colcon_core.package_identification:_identify(src/patterns) by extension 'colcon_pkg'
[0.189s] Level 1:colcon.colcon_core.package_identification:_identify(src/patterns) by extensions ['colcon_meta']
[0.189s] Level 1:colcon.colcon_core.package_identification:_identify(src/patterns) by extension 'colcon_meta'
[0.189s] Level 1:colcon.colcon_core.package_identification:_identify(src/patterns) by extensions ['ros']
[0.189s] Level 1:colcon.colcon_core.package_identification:_identify(src/patterns) by extension 'ros'
[0.190s] DEBUG:colcon.colcon_core.package_identification:Package 'src/patterns' with type 'ros.ament_python' and name 'patterns'
[0.190s] Level 1:colcon.colcon_core.package_discovery:discover_packages(recursive) using defaults
[0.190s] Level 1:colcon.colcon_core.package_discovery:discover_packages(ignore) discover
[0.190s] Level 1:colcon.colcon_core.package_discovery:discover_packages(ignore) using defaults
[0.190s] Level 1:colcon.colcon_core.package_discovery:discover_packages(path) discover
[0.190s] Level 1:colcon.colcon_core.package_discovery:discover_packages(path) using defaults
[0.208s] Level 1:colcon.colcon_core.package_discovery:discover_packages(prefix_path) check parameters
[0.209s] Level 1:colcon.colcon_core.package_discovery:discover_packages(prefix_path) discover
[0.210s] DEBUG:colcon.colcon_installed_package_information.package_discovery:Found 4 installed packages in /home/adam-warn/GigaVacuumMobil/install
[0.213s] DEBUG:colcon.colcon_installed_package_information.package_discovery:Found 422 installed packages in /opt/ros/jazzy
[0.214s] Level 1:colcon.colcon_core.package_discovery:discover_packages(prefix_path) using defaults
[0.274s] Level 5:colcon.colcon_core.verb:set package 'GigaVacuumMobil' build argument 'cmake_args' from command line to 'None'
[0.274s] Level 5:colcon.colcon_core.verb:set package 'GigaVacuumMobil' build argument 'cmake_target' from command line to 'None'
[0.274s] Level 5:colcon.colcon_core.verb:set package 'GigaVacuumMobil' build argument 'cmake_target_skip_unavailable' from command line to 'False'
[0.274s] Level 5:colcon.colcon_core.verb:set package 'GigaVacuumMobil' build argument 'cmake_clean_cache' from command line to 'False'
[0.274s] Level 5:colcon.colcon_core.verb:set package 'GigaVacuumMobil' build argument 'cmake_clean_first' from command line to 'False'
[0.274s] Level 5:colcon.colcon_core.verb:set package 'GigaVacuumMobil' build argument 'cmake_force_configure' from command line to 'False'
[0.274s] Level 5:colcon.colcon_core.verb:set package 'GigaVacuumMobil' build argument 'ament_cmake_args' from command line to 'None'
[0.274s] Level 5:colcon.colcon_core.verb:set package 'GigaVacuumMobil' build argument 'catkin_cmake_args' from command line to 'None'
[0.274s] Level 5:colcon.colcon_core.verb:set package 'GigaVacuumMobil' build argument 'catkin_skip_building_tests' from command line to 'False'
[0.274s] DEBUG:colcon.colcon_core.verb:Building package 'GigaVacuumMobil' with the following arguments: {'ament_cmake_args': None, 'build_base': '/home/adam-warn/GigaVacuumMobil/build/GigaVacuumMobil', 'catkin_cmake_args': None, 'catkin_skip_building_tests': False, 'cmake_args': None, 'cmake_clean_cache': False, 'cmake_clean_first': False, 'cmake_force_configure': False, 'cmake_target': None, 'cmake_target_skip_unavailable': False, 'install_base': '/home/adam-warn/GigaVacuumMobil/install/GigaVacuumMobil', 'merge_install': False, 'path': '/home/adam-warn/GigaVacuumMobil/src/GigaVacuumMobil', 'symlink_install': False, 'test_result_base': None}
[0.275s] Level 5:colcon.colcon_core.verb:set package 'cleaning_planner' build argument 'cmake_args' from command line to 'None'
[0.275s] Level 5:colcon.colcon_core.verb:set package 'cleaning_planner' build argument 'cmake_target' from command line to 'None'
[0.275s] Level 5:colcon.colcon_core.verb:set package 'cleaning_planner' build argument 'cmake_target_skip_unavailable' from command line to 'False'
[0.275s] Level 5:colcon.colcon_core.verb:set package 'cleaning_planner' build argument 'cmake_clean_cache' from command line to 'False'
[0.275s] Level 5:colcon.colcon_core.verb:set package 'cleaning_planner' build argument 'cmake_clean_first' from command line to 'False'
[0.275s] Level 5:colcon.colcon_core.verb:set package 'cleaning_planner' build argument 'cmake_force_configure' from command line to 'False'
[0.275s] Level 5:colcon.colcon_core.verb:set package 'cleaning_planner' build argument 'ament_cmake_args' from command line to 'None'
[0.275s] Level 5:colcon.colcon_core.verb:set package 'cleaning_planner' build argument 'catkin_cmake_args' from command line to 'None'
[0.275s] Level 5:colcon.colcon_core.verb:set package 'cleaning_planner' build argument 'catkin_skip_building_tests' from command line to 'False'
[0.275s] DEBUG:colcon.colcon_core.verb:Building package 'cleaning_planner' with the following arguments: {'ament_cmake_args': None, 'build_base': '/home/adam-warn/GigaVacuumMobil/build/cleaning_planner', 'catkin_cmake_args': None, 'catkin_skip_building_tests': False, 'cmake_args': None, 'cmake_clean_cache': False, 'cmake_clean_first': False, 'cmake_force_configure': False, 'cmake_target': None, 'cmake_target_skip_unavailable': False, 'install_base': '/home/adam-warn/GigaVacuumMobil/install/cleaning_planner', 'merge_install': False, 'path': '/home/adam-warn/GigaVacuumMobil/src/cleaning_planner', 'symlink_install': False, 'test_result_base': None}
[0.275s] Level 5:colcon.colcon_core.verb:set package 'map_maintenance' build argument 'cmake_args' from command line to 'None'
[0.275s] Level 5:colcon.colcon_core.verb:set package 'map_maintenance' build argument 'cmake_target' from command line to 'None'
[0.275s] Level 5:colcon.colcon_core.verb:set package 'map_maintenance' build argument 'cmake_target_skip_unavailable' from command line to 'False'
[0.275s] Level 5:colcon.colcon_core.verb:set package 'map_maintenance' build argument 'cmake_clean_cache' from command line to 'False'
[0.275s] Level 5:colcon.colcon_core.verb:set package 'map_maintenance' build argument 'cmake_clean_first' from command line to 'False'
[0.275s] Level 5:colcon.colcon_core.verb:set package 'map_maintenance' build argument 'cmake_force_configure' from command line to 'False'
[0.275s] Level 5:colcon.colcon_core.verb:set package 'map_maintenance' build argument 'ament_cmake_args' from command line to 'None'
[0.275s] Level 5:colcon.colcon_core.verb:set package 'map_maintenance' build argument 'catkin_cmake_args' from command line to 'None'
[0.275s] Level 5:colcon.colcon_core.verb:set package 'map_maintenance' build argument 'catkin_skip_building_tests' from command line to 'False'
[0.275s] DEBUG:colcon.colcon_core.verb:Building package 'map_maintenance' with the following arguments: {'ament_cmake_args': None, 'build_base': '/home/adam-warn/GigaVacuumMobil/build/map_maintenance', 'catkin_cmake_args': None, 'catkin_skip_building_tests': False, 'cmake_args': None, 'cmake_clean_cache': False, 'cmake_clean_first': False, 'cmake_force_configure': False, 'cmake_target': None, 'cmake_target_skip_unavailable': False, 'install_base': '/home/adam-warn/GigaVacuumMobil/install/map_maintenance', 'merge_install': False, 'path': '/home/adam-warn/GigaVacuumMobil/src/map_maintenance', 'symlink_install': False, 'test_result_base': None}
[0.275s] Level 5:colcon.colcon_core.verb:set package 'patterns' build argument 'cmake_args' from command line to 'None'
[0.275s] Level 5:colcon.colcon_core.verb:set package 'patterns' build argument 'cmake_target' from command line to 'None'
[0.275s] Level 5:colcon.colcon_core.verb:set package 'patterns' build argument 'cmake_target_skip_unavailable' from command line to 'False'
[0.276s] Level 5:colcon.colcon_core.verb:set package 'patterns' build argument 'cmake_clean_cache' from command line to 'False'
[0.276s] Level 5:colcon.colcon_core.verb:set package 'patterns' build argument 'cmake_clean_first' from command line to 'False'
[0.276s] Level 5:colcon.colcon_core.verb:set package 'patterns' build argument 'cmake_force_configure' from command line to 'False'
[0.276s] Level 5:colcon.colcon_core.verb:set package 'patterns' build argument 'ament_cmake_args' from command line to 'None'
[0.276s] Level 5:colcon.colcon_core.verb:set package 'patterns' build argument 'catkin_cmake_args' from command line to 'None'
[0.276s] Level 5:colcon.colcon_core.verb:set package 'patterns' build argument 'catkin_skip_building_tests' from command line to 'False'
[0.276s] DEBUG:colcon.colcon_core.verb:Building package 'patterns' with the following arguments: {'ament_cmake_args': None, 'build_base': '/home/adam-warn/GigaVacuumMobil/build/patterns', 'catkin_cmake_args': None, 'catkin_skip_building_tests': False, 'cmake_args': None, 'cmake_clean_cache': False, 'cmake_clean_first': False, 'cmake_force_configure': False, 'cmake_target': None, 'cmake_target_skip_unavailable': False, 'install_base': '/home/adam-warn/GigaVacuumMobil/install/patterns', 'merge_install': False, 'path': '/home/adam-warn/GigaVacuumMobil/src/patterns', 'symlink_install': False, 'test_result_base': None}
[0.276s] INFO:colcon.colcon_core.executor:Executing jobs using 'parallel' executor
[0.277s] DEBUG:colcon.colcon_parallel_executor.executor.parallel:run_until_complete
[0.277s] INFO:colcon.colcon_ros.task.ament_cmake.build:Building ROS package in '/home/adam-warn/GigaVacuumMobil/src/GigaVacuumMobil' with build type 'ament_cmake'
[0.277s] INFO:colcon.colcon_cmake.task.cmake.build:Building CMake package in '/home/adam-warn/GigaVacuumMobil/src/GigaVacuumMobil'
[0.280s] INFO:colcon.colcon_core.plugin_system:Skipping extension 'colcon_core.shell.bat': Not used on non-Windows systems
[0.280s] INFO:colcon.colcon_core.shell:Skip shell extension 'powershell' for command environment: Not usable outside of PowerShell
[0.280s] DEBUG:colcon.colcon_core.shell:Skip shell extension 'dsv' for command environment
[0.284s] INFO:colcon.colcon_ros.task.ament_python.build:Building ROS package in '/home/adam-warn/GigaVacuumMobil/src/cleaning_planner' with build type 'ament_python'
[0.284s] Level 1:colcon.colcon_core.shell:create_environment_hook('cleaning_planner', 'ament_prefix_path')
[0.285s] INFO:colcon.colcon_core.shell:Creating environment hook '/home/adam-warn/GigaVacuumMobil/install/cleaning_planner/share/cleaning_planner/hook/ament_prefix_path.ps1'
[0.285s] INFO:colcon.colcon_core.shell:Creating environment descriptor '/home/adam-warn/GigaVacuumMobil/install/cleaning_planner/share/cleaning_planner/hook/ament_prefix_path.dsv'
[0.285s] INFO:colcon.colcon_core.shell:Creating environment hook '/home/adam-warn/GigaVacuumMobil/install/cleaning_planner/share/cleaning_planner/hook/ament_prefix_path.sh'
[0.286s] INFO:colcon.colcon_core.shell:Skip shell extension 'powershell' for command environment: Not usable outside of PowerShell
[0.286s] DEBUG:colcon.colcon_core.shell:Skip shell extension 'dsv' for command environment
[0.291s] INFO:colcon.colcon_ros.task.ament_python.build:Building ROS package in '/home/adam-warn/GigaVacuumMobil/src/map_maintenance' with build type 'ament_python'
[0.291s] Level 1:colcon.colcon_core.shell:create_environment_hook('map_maintenance', 'ament_prefix_path')
[0.291s] INFO:colcon.colcon_core.shell:Creating environment hook '/home/adam-warn/GigaVacuumMobil/install/map_maintenance/share/map_maintenance/hook/ament_prefix_path.ps1'
[0.292s] INFO:colcon.colcon_core.shell:Creating environment descriptor '/home/adam-warn/GigaVacuumMobil/install/map_maintenance/share/map_maintenance/hook/ament_prefix_path.dsv'
[0.292s] INFO:colcon.colcon_core.shell:Creating environment hook '/home/adam-warn/GigaVacuumMobil/install/map_maintenance/share/map_maintenance/hook/ament_prefix_path.sh'
[0.293s] INFO:colcon.colcon_core.shell:Skip shell extension 'powershell' for command environment: Not usable outside of PowerShell
[0.293s] DEBUG:colcon.colcon_core.shell:Skip shell extension 'dsv' for command environment
[0.297s] INFO:colcon.colcon_ros.task.ament_python.build:Building ROS package in '/home/adam-warn/GigaVacuumMobil/src/patterns' with build type 'ament_python'
[0.298s] Level 1:colcon.colcon_core.shell:create_environment_hook('patterns', 'ament_prefix_path')
[0.298s] INFO:colcon.colcon_core.shell:Creating environment hook '/home/adam-warn/GigaVacuumMobil/install/patterns/share/patterns/hook/ament_prefix_path.ps1'
[0.299s] INFO:colcon.colcon_core.shell:Creating environment descriptor '/home/adam-warn/GigaVacuumMobil/install/patterns/share/patterns/hook/ament_prefix_path.dsv'
[0.299s] INFO:colcon.colcon_core.shell:Creating environment hook '/home/adam-warn/GigaVacuumMobil/install/patterns/share/patterns/hook/ament_prefix_path.sh'
[0.300s] INFO:colcon.colcon_core.shell:Skip shell extension 'powershell' for command environment: Not usable outside of PowerShell
[0.300s] DEBUG:colcon.colcon_core.shell:Skip shell extension 'dsv' for command environment
[0.307s] DEBUG:colcon.colcon_core.event_handler.log_command:Invoking command in '/home/adam-warn/GigaVacuumMobil/build/GigaVacuumMobil': CMAKE_PREFIX_PATH=${CMAKE_PREFIX_PATH}:/home/adam-warn/GigaVacuumMobil/install/map_maintenance:/home/adam-warn/GigaVacuumMobil/install/cleaning_planner:/opt/ros/jazzy DEBUGINFOD_URLS=https://debuginfod.ubuntu.com /usr/bin/cmake --build /home/adam-warn/GigaVacuumMobil/build/GigaVacuumMobil -- -j12 -l12
[0.560s] INFO:colcon.colcon_core.task.python.build:Building Python package in '/home/adam-warn/GigaVacuumMobil/src/cleaning_planner'
[0.561s] INFO:colcon.colcon_core.shell:Skip shell extension 'powershell' for command environment: Not usable outside of PowerShell
[0.561s] DEBUG:colcon.colcon_core.shell:Skip shell extension 'dsv' for command environment
[0.817s] INFO:colcon.colcon_core.task.python.build:Building Python package in '/home/adam-warn/GigaVacuumMobil/src/map_maintenance'
[0.818s] INFO:colcon.colcon_core.shell:Skip shell extension 'powershell' for command environment: Not usable outside of PowerShell
[0.818s] DEBUG:colcon.colcon_core.shell:Skip shell extension 'dsv' for command environment
[1.067s] INFO:colcon.colcon_core.task.python.build:Building Python package in '/home/adam-warn/GigaVacuumMobil/src/patterns'
[1.068s] INFO:colcon.colcon_core.shell:Skip shell extension 'powershell' for command environment: Not usable outside of PowerShell
[1.068s] DEBUG:colcon.colcon_core.shell:Skip shell extension 'dsv' for command environment
[1.072s] DEBUG:colcon.colcon_core.event_handler.log_command:Invoked command in '/home/adam-warn/GigaVacuumMobil/build/GigaVacuumMobil' returned '0': CMAKE_PREFIX_PATH=${CMAKE_PREFIX_PATH}:/home/adam-warn/GigaVacuumMobil/install/map_maintenance:/home/adam-warn/GigaVacuumMobil/install/cleaning_planner:/opt/ros/jazzy DEBUGINFOD_URLS=https://debuginfod.ubuntu.com /usr/bin/cmake --build /home/adam-warn/GigaVacuumMobil/build/GigaVacuumMobil -- -j12 -l12
[1.085s] DEBUG:colcon.colcon_core.event_handler.log_command:Invoking command in '/home/adam-warn/GigaVacuumMobil/build/GigaVacuumMobil': CMAKE_PREFIX_PATH=${CMAKE_PREFIX_PATH}:/home/adam-warn/GigaVacuumMobil/install/map_maintenance:/home/adam-warn/GigaVacuumMobil/install/cleaning_planner:/opt/ros/jazzy DEBUGINFOD_URLS=https://debuginfod.ubuntu.com /usr/bin/cmake --install /home/adam-warn/GigaVacuumMobil/build/GigaVacuumMobil
[1.126s] Level 1:colcon.colcon_core.environment:create_environment_scripts_only(GigaVacuumMobil)
[1.127s] DEBUG:colcon.colcon_core.event_handler.log_command:Invoked command in '/home/adam-warn/GigaVacuumMobil/build/GigaVacuumMobil' returned '0': CMAKE_PREFIX_PATH=${CMAKE_PREFIX_PATH}:/home/adam-warn/GigaVacuumMobil/install/map_maintenance:/home/adam-warn/GigaVacuumMobil/install/cleaning_planner:/opt/ros/jazzy DEBUGINFOD_URLS=https://debuginfod.ubuntu.com /usr/bin/cmake --install /home/adam-warn/GigaVacuumMobil/build/GigaVacuumMobil
[1.129s] Level 1:colcon.colcon_core.environment:checking '/home/adam-warn/GigaVacuumMobil/install/GigaVacuumMobil' for CMake module files
[1.129s] Level 1:colcon.colcon_core.environment:checking '/home/adam-warn/GigaVacuumMobil/install/GigaVacuumMobil' for CMake config files
[1.130s] Level 1:colcon.colcon_core.shell:create_environment_hook('GigaVacuumMobil', 'cmake_prefix_path')
[1.131s] INFO:colcon.colcon_core.shell:Creating environment hook '/home/adam-warn/GigaVacuumMobil/install/GigaVacuumMobil/share/GigaVacuumMobil/hook/cmake_prefix_path.ps1'
[1.131s] INFO:colcon.colcon_core.shell:Creating environment descriptor '/home/adam-warn/GigaVacuumMobil/install/GigaVacuumMobil/share/GigaVacuumMobil/hook/cmake_prefix_path.dsv'
[1.131s] INFO:colcon.colcon_core.shell:Creating environment hook '/home/adam-warn/GigaVacuumMobil/install/GigaVacuumMobil/share/GigaVacuumMobil/hook/cmake_prefix_path.sh'
[1.132s] Level 1:colcon.colcon_core.environment:checking '/home/adam-warn/GigaVacuumMobil/install/GigaVacuumMobil/lib'
[1.132s] Level 1:colcon.colcon_core.shell:create_environment_hook('GigaVacuumMobil', 'ld_library_path_lib')
[1.133s] INFO:colcon.colcon_core.shell:Creating environment hook '/home/adam-warn/GigaVacuumMobil/install/GigaVacuumMobil/share/GigaVacuumMobil/hook/ld_library_path_lib.ps1'
[1.133s] INFO:colcon.colcon_core.shell:Creating environment descriptor '/home/adam-warn/GigaVacuumMobil/install/GigaVacuumMobil/share/GigaVacuumMobil/hook/ld_library_path_lib.dsv'
[1.134s] INFO:colcon.colcon_core.shell:Creating environment hook '/home/adam-warn/GigaVacuumMobil/install/GigaVacuumMobil/share/GigaVacuumMobil/hook/ld_library_path_lib.sh'
[1.134s] Level 1:colcon.colcon_core.environment:checking '/home/adam-warn/GigaVacuumMobil/install/GigaVacuumMobil/bin'
[1.134s] Level 1:colcon.colcon_core.environment:checking '/home/adam-warn/GigaVacuumMobil/install/GigaVacuumMobil/lib/pkgconfig/GigaVacuumMobil.pc'
[1.135s] Level 1:colcon.colcon_core.environment:checking '/home/adam-warn/GigaVacuumMobil/install/GigaVacuumMobil/lib/python3.12/site-packages'
[1.135s] Level 1:colcon.colcon_core.environment:checking '/home/adam-warn/GigaVacuumMobil/install/GigaVacuumMobil/bin'
[1.136s] INFO:colcon.colcon_core.shell:Creating package script '/home/adam-warn/GigaVacuumMobil/install/GigaVacuumMobil/share/GigaVacuumMobil/package.ps1'
[1.136s] INFO:colcon.colcon_core.shell:Creating package descriptor '/home/adam-warn/GigaVacuumMobil/install/GigaVacuumMobil/share/GigaVacuumMobil/package.dsv'
[1.137s] INFO:colcon.colcon_core.shell:Creating package script '/home/adam-warn/GigaVacuumMobil/install/GigaVacuumMobil/share/GigaVacuumMobil/package.sh'
[1.137s] INFO:colcon.colcon_core.shell:Creating package script '/home/adam-warn/GigaVacuumMobil/install/GigaVacuumMobil/share/GigaVacuumMobil/package.bash'
[1.138s] INFO:colcon.colcon_core.shell:Creating package script '/home/adam-warn/GigaVacuumMobil/install/GigaVacuumMobil/share/GigaVacuumMobil/package.zsh'
[1.138s] Level 1:colcon.colcon_core.environment:create_file_with_runtime_dependencies(/home/adam-warn/GigaVacuumMobil/install/GigaVacuumMobil/share/colcon-core/packages/GigaVacuumMobil)
[1.139s] Level 1:colcon.colcon_core.environment:create_environment_scripts_only(GigaVacuumMobil)
[1.139s] Level 1:colcon.colcon_core.environment:checking '/home/adam-warn/GigaVacuumMobil/install/GigaVacuumMobil' for CMake module files
[1.158s] Level 1:colcon.colcon_core.environment:checking '/home/adam-warn/GigaVacuumMobil/install/GigaVacuumMobil' for CMake config files
[1.158s] Level 1:colcon.colcon_core.shell:create_environment_hook('GigaVacuumMobil', 'cmake_prefix_path')
[1.159s] INFO:colcon.colcon_core.shell:Creating environment hook '/home/adam-warn/GigaVacuumMobil/install/GigaVacuumMobil/share/GigaVacuumMobil/hook/cmake_prefix_path.ps1'
[1.159s] INFO:colcon.colcon_core.shell:Creating environment descriptor '/home/adam-warn/GigaVacuumMobil/install/GigaVacuumMobil/share/GigaVacuumMobil/hook/cmake_prefix_path.dsv'
[1.160s] INFO:colcon.colcon_core.shell:Creating environment hook '/home/adam-warn/GigaVacuumMobil/install/GigaVacuumMobil/share/GigaVacuumMobil/hook/cmake_prefix_path.sh'
[1.160s] Level 1:colcon.colcon_core.environment:checking '/home/adam-warn/GigaVacuumMobil/install/GigaVacuumMobil/lib'
[1.160s] Level 1:colcon.colcon_core.shell:create_environment_hook('GigaVacuumMobil', 'ld_library_path_lib')
[1.160s] INFO:colcon.colcon_core.shell:Creating environment hook '/home/adam-warn/GigaVacuumMobil/install/GigaVacuumMobil/share/GigaVacuumMobil/hook/ld_library_path_lib.ps1'
[1.161s] INFO:colcon.colcon_core.shell:Creating environment descriptor '/home/adam-warn/GigaVacuumMobil/install/GigaVacuumMobil/share/GigaVacuumMobil/hook/ld_library_path_lib.dsv'
[1.161s] INFO:colcon.colcon_core.shell:Creating environment hook '/home/adam-warn/GigaVacuumMobil/install/GigaVacuumMobil/share/GigaVacuumMobil/hook/ld_library_path_lib.sh'
[1.162s] Level 1:colcon.colcon_core.environment:checking '/home/adam-warn/GigaVacuumMobil/install/GigaVacuumMobil/bin'
[1.162s] Level 1:colcon.colcon_core.environment:checking '/home/adam-warn/GigaVacuumMobil/install/GigaVacuumMobil/lib/pkgconfig/GigaVacuumMobil.pc'
[1.162s] Level 1:colcon.colcon_core.environment:checking '/home/adam-warn/GigaVacuumMobil/install/GigaVacuumMobil/lib/python3.12/site-packages'
[1.162s] Level 1:colcon.colcon_core.environment:checking '/home/adam-warn/GigaVacuumMobil/install/GigaVacuumMobil/bin'
[1.163s] INFO:colcon.colcon_core.shell:Creating package script '/home/adam-warn/GigaVacuumMobil/install/GigaVacuumMobil/share/GigaVacuumMobil/package.ps1'
[1.163s] INFO:colcon.colcon_core.shell:Creating package descriptor '/home/adam-warn/GigaVacuumMobil/install/GigaVacuumMobil/share/GigaVacuumMobil/package.dsv'
[1.164s] INFO:colcon.colcon_core.shell:Creating package script '/home/adam-warn/GigaVacuumMobil/install/GigaVacuumMobil/share/GigaVacuumMobil/package.sh'
[1.164s] INFO:colcon.colcon_core.shell:Creating package script '/home/adam-warn/GigaVacuumMobil/install/GigaVacuumMobil/share/GigaVacuumMobil/package.bash'
[1.164s] INFO:colcon.colcon_core.shell:Creating package script '/home/adam-warn/GigaVacuumMobil/install/GigaVacuumMobil/share/GigaVacuumMobil/package.zsh'
[1.165s] Level 1:colcon.colcon_core.environment:create_file_with_runtime_dependencies(/home/adam-warn/GigaVacuumMobil/install/GigaVacuumMobil/share/colcon-core/packages/GigaVacuumMobil)
[1.767s] DEBUG:colcon.colcon_core.event_handler.log_command:Invoking command in '/home/adam-warn/GigaVacuumMobil/src/map_maintenance': DEBUGINFOD_URLS=https://debuginfod.ubuntu.com PYTHONPATH=/home/adam-warn/GigaVacuumMobil/build/map_maintenance/prefix_override:/usr/lib/python3/dist-packages/colcon_core/task/python/colcon_distutils_commands:/home/adam-warn/GigaVacuumMobil/install/map_maintenance/lib/python3.12/site-packages:${PYTHONPATH} /usr/bin/python3 -W ignore:setup.py install is deprecated -W ignore:easy_install command is deprecated setup.py egg_info --egg-base ../../build/map_maintenance build --build-base /home/adam-warn/GigaVacuumMobil/build/map_maintenance/build install --record /home/adam-warn/GigaVacuumMobil/build/map_maintenance/install.log --single-version-externally-managed install_data
[1.799s] DEBUG:colcon.colcon_core.event_handler.log_command:Invoking command in '/home/adam-warn/GigaVacuumMobil/src/cleaning_planner': DEBUGINFOD_URLS=https://debuginfod.ubuntu.com PYTHONPATH=/home/adam-warn/GigaVacuumMobil/build/cleaning_planner/prefix_override:/usr/lib/python3/dist-packages/colcon_core/task/python/colcon_distutils_commands:/home/adam-warn/GigaVacuumMobil/install/cleaning_planner/lib/python3.12/site-packages:${PYTHONPATH} /usr/bin/python3 -W ignore:setup.py install is deprecated -W ignore:easy_install command is deprecated setup.py egg_info --egg-base ../../build/cleaning_planner build --build-base /home/adam-warn/GigaVacuumMobil/build/cleaning_planner/build install --record /home/adam-warn/GigaVacuumMobil/build/cleaning_planner/install.log --single-version-externally-managed install_data
[1.804s] DEBUG:colcon.colcon_core.event_handler.log_command:Invoking command in '/home/adam-warn/GigaVacuumMobil/src/patterns': DEBUGINFOD_URLS=https://debuginfod.ubuntu.com PYTHONPATH=/home/adam-warn/GigaVacuumMobil/build/patterns/prefix_override:/usr/lib/python3/dist-packages/colcon_core/task/python/colcon_distutils_commands:/home/adam-warn/GigaVacuumMobil/install/patterns/lib/python3.12/site-packages:${PYTHONPATH} /usr/bin/python3 -W ignore:setup.py install is deprecated -W ignore:easy_install command is deprecated setup.py egg_info --egg-base ../../build/patterns build --build-base /home/adam-warn/GigaVacuumMobil/build/patterns/build install --record /home/adam-warn/GigaVacuumMobil/build/patterns/install.log --single-version-externally-managed install_data
[2.413s] Level 1:colcon.colcon_core.environment:checking '/home/adam-warn/GigaVacuumMobil/install/map_maintenance' for CMake module files
[2.414s] DEBUG:colcon.colcon_core.event_handler.log_command:Invoked command in '/home/adam-warn/GigaVacuumMobil/src/map_maintenance' returned '0': DEBUGINFOD_URLS=https://debuginfod.ubuntu.com PYTHONPATH=/home/adam-warn/GigaVacuumMobil/build/map_maintenance/prefix_override:/usr/lib/python3/dist-packages/colcon_core/task/python/colcon_distutils_commands:/home/adam-warn/GigaVacuumMobil/install/map_maintenance/lib/python3.12/site-packages:${PYTHONPATH} /usr/bin/python3 -W ignore:setup.py install is deprecated -W ignore:easy_install command is deprecated setup.py egg_info --egg-base ../../build/map_maintenance build --build-base /home/adam-warn/GigaVacuumMobil/build/map_maintenance/build install --record /home/adam-warn/GigaVacuumMobil/build/map_maintenance/install.log --single-version-externally-managed install_data
[2.414s] Level 1:colcon.colcon_core.environment:checking '/home/adam-warn/GigaVacuumMobil/install/map_maintenance' for CMake config files
[2.415s] Level 1:colcon.colcon_core.environment:checking '/home/adam-warn/GigaVacuumMobil/install/map_maintenance/lib'
[2.415s] Level 1:colcon.colcon_core.environment:checking '/home/adam-warn/GigaVacuumMobil/install/map_maintenance/bin'
[2.415s] Level 1:colcon.colcon_core.environment:checking '/home/adam-warn/GigaVacuumMobil/install/map_maintenance/lib/pkgconfig/map_maintenance.pc'
[2.415s] Level 1:colcon.colcon_core.environment:checking '/home/adam-warn/GigaVacuumMobil/install/map_maintenance/lib/python3.12/site-packages'
[2.416s] Level 1:colcon.colcon_core.shell:create_environment_hook('map_maintenance', 'pythonpath')
[2.416s] INFO:colcon.colcon_core.shell:Creating environment hook '/home/adam-warn/GigaVacuumMobil/install/map_maintenance/share/map_maintenance/hook/pythonpath.ps1'
[2.416s] INFO:colcon.colcon_core.shell:Creating environment descriptor '/home/adam-warn/GigaVacuumMobil/install/map_maintenance/share/map_maintenance/hook/pythonpath.dsv'
[2.417s] INFO:colcon.colcon_core.shell:Creating environment hook '/home/adam-warn/GigaVacuumMobil/install/map_maintenance/share/map_maintenance/hook/pythonpath.sh'
[2.417s] Level 1:colcon.colcon_core.environment:checking '/home/adam-warn/GigaVacuumMobil/install/map_maintenance/bin'
[2.417s] Level 1:colcon.colcon_core.environment:create_environment_scripts_only(map_maintenance)
[2.418s] INFO:colcon.colcon_core.shell:Creating package script '/home/adam-warn/GigaVacuumMobil/install/map_maintenance/share/map_maintenance/package.ps1'
[2.418s] INFO:colcon.colcon_core.shell:Creating package descriptor '/home/adam-warn/GigaVacuumMobil/install/map_maintenance/share/map_maintenance/package.dsv'
[2.419s] INFO:colcon.colcon_core.shell:Creating package script '/home/adam-warn/GigaVacuumMobil/install/map_maintenance/share/map_maintenance/package.sh'
[2.419s] INFO:colcon.colcon_core.shell:Creating package script '/home/adam-warn/GigaVacuumMobil/install/map_maintenance/share/map_maintenance/package.bash'
[2.420s] INFO:colcon.colcon_core.shell:Creating package script '/home/adam-warn/GigaVacuumMobil/install/map_maintenance/share/map_maintenance/package.zsh'
[2.420s] Level 1:colcon.colcon_core.environment:create_file_with_runtime_dependencies(/home/adam-warn/GigaVacuumMobil/install/map_maintenance/share/colcon-core/packages/map_maintenance)
[2.442s] Level 1:colcon.colcon_core.environment:checking '/home/adam-warn/GigaVacuumMobil/install/patterns' for CMake module files
[2.443s] DEBUG:colcon.colcon_core.event_handler.log_command:Invoked command in '/home/adam-warn/GigaVacuumMobil/src/patterns' returned '0': DEBUGINFOD_URLS=https://debuginfod.ubuntu.com PYTHONPATH=/home/adam-warn/GigaVacuumMobil/build/patterns/prefix_override:/usr/lib/python3/dist-packages/colcon_core/task/python/colcon_distutils_commands:/home/adam-warn/GigaVacuumMobil/install/patterns/lib/python3.12/site-packages:${PYTHONPATH} /usr/bin/python3 -W ignore:setup.py install is deprecated -W ignore:easy_install command is deprecated setup.py egg_info --egg-base ../../build/patterns build --build-base /home/adam-warn/GigaVacuumMobil/build/patterns/build install --record /home/adam-warn/GigaVacuumMobil/build/patterns/install.log --single-version-externally-managed install_data
[2.443s] Level 1:colcon.colcon_core.environment:checking '/home/adam-warn/GigaVacuumMobil/install/patterns' for CMake config files
[2.444s] Level 1:colcon.colcon_core.environment:checking '/home/adam-warn/GigaVacuumMobil/install/patterns/lib'
[2.444s] Level 1:colcon.colcon_core.environment:checking '/home/adam-warn/GigaVacuumMobil/install/patterns/bin'
[2.444s] Level 1:colcon.colcon_core.environment:checking '/home/adam-warn/GigaVacuumMobil/install/patterns/lib/pkgconfig/patterns.pc'
[2.444s] Level 1:colcon.colcon_core.environment:checking '/home/adam-warn/GigaVacuumMobil/install/patterns/lib/python3.12/site-packages'
[2.445s] Level 1:colcon.colcon_core.shell:create_environment_hook('patterns', 'pythonpath')
[2.445s] INFO:colcon.colcon_core.shell:Creating environment hook '/home/adam-warn/GigaVacuumMobil/install/patterns/share/patterns/hook/pythonpath.ps1'
[2.445s] INFO:colcon.colcon_core.shell:Creating environment descriptor '/home/adam-warn/GigaVacuumMobil/install/patterns/share/patterns/hook/pythonpath.dsv'
[2.446s] INFO:colcon.colcon_core.shell:Creating environment hook '/home/adam-warn/GigaVacuumMobil/install/patterns/share/patterns/hook/pythonpath.sh'
[2.446s] Level 1:colcon.colcon_core.environment:checking '/home/adam-warn/GigaVacuumMobil/install/patterns/bin'
[2.446s] Level 1:colcon.colcon_core.environment:create_environment_scripts_only(patterns)
[2.447s] INFO:colcon.colcon_core.shell:Creating package script '/home/adam-warn/GigaVacuumMobil/install/patterns/share/patterns/package.ps1'
[2.447s] INFO:colcon.colcon_core.shell:Creating package descriptor '/home/adam-warn/GigaVacuumMobil/install/patterns/share/patterns/package.dsv'
[2.447s] INFO:colcon.colcon_core.shell:Creating package script '/home/adam-warn/GigaVacuumMobil/install/patterns/share/patterns/package.sh'
[2.448s] INFO:colcon.colcon_core.shell:Creating package script '/home/adam-warn/GigaVacuumMobil/install/patterns/share/patterns/package.bash'
[2.448s] INFO:colcon.colcon_core.shell:Creating package script '/home/adam-warn/GigaVacuumMobil/install/patterns/share/patterns/package.zsh'
[2.449s] Level 1:colcon.colcon_core.environment:create_file_with_runtime_dependencies(/home/adam-warn/GigaVacuumMobil/install/patterns/share/colcon-core/packages/patterns)
[2.455s] Level 1:colcon.colcon_core.environment:checking '/home/adam-warn/GigaVacuumMobil/install/cleaning_planner' for CMake module files
[2.455s] DEBUG:colcon.colcon_core.event_handler.log_command:Invoked command in '/home/adam-warn/GigaVacuumMobil/src/cleaning_planner' returned '0': DEBUGINFOD_URLS=https://debuginfod.ubuntu.com PYTHONPATH=/home/adam-warn/GigaVacuumMobil/build/cleaning_planner/prefix_override:/usr/lib/python3/dist-packages/colcon_core/task/python/colcon_distutils_commands:/home/adam-warn/GigaVacuumMobil/install/cleaning_planner/lib/python3.12/site-packages:${PYTHONPATH} /usr/bin/python3 -W ignore:setup.py install is deprecated -W ignore:easy_install command is deprecated setup.py egg_info --egg-base ../../build/cleaning_planner build --build-base /home/adam-warn/GigaVacuumMobil/build/cleaning_planner/build install --record /home/adam-warn/GigaVacuumMobil/build/cleaning_planner/install.log --single-version-externally-managed install_data
[2.456s] Level 1:colcon.colcon_core.environment:checking '/home/adam-warn/GigaVacuumMobil/install/cleaning_planner' for CMake config files
[2.456s] Level 1:colcon.colcon_core.environment:checking '/home/adam-warn/GigaVacuumMobil/install/cleaning_planner/lib'
[2.456s] Level 1:colcon.colcon_core.environment:checking '/home/adam-warn/GigaVacuumMobil/install/cleaning_planner/bin'
[2.456s] Level 1:colcon.colcon_core.environment:checking '/home/adam-warn/GigaVacuumMobil/install/cleaning_planner/lib/pkgconfig/cleaning_planner.pc'
[2.456s] Level 1:colcon.colcon_core.environment:checking '/home/adam-warn/GigaVacuumMobil/install/cleaning_planner/lib/python3.12/site-packages'
[2.457s] Level 1:colcon.colcon_core.shell:create_environment_hook('cleaning_planner', 'pythonpath')
[2.457s] INFO:colcon.colcon_core.shell:Creating environment hook '/home/adam-warn/GigaVacuumMobil/install/cleaning_planner/share/cleaning_planner/hook/pythonpath.ps1'
[2.457s] INFO:colcon.colcon_core.shell:Creating environment descriptor '/home/adam-warn/GigaVacuumMobil/install/cleaning_planner/share/cleaning_planner/hook/pythonpath.dsv'
[2.458s] INFO:colcon.colcon_core.shell:Creating environment hook '/home/adam-warn/GigaVacuumMobil/install/cleaning_planner/share/cleaning_planner/hook/pythonpath.sh'
[2.459s] Level 1:colcon.colcon_core.environment:checking '/home/adam-warn/GigaVacuumMobil/install/cleaning_planner/bin'
[2.459s] Level 1:colcon.colcon_core.environment:create_environment_scripts_only(cleaning_planner)
[2.459s] INFO:colcon.colcon_core.shell:Creating package script '/home/adam-warn/GigaVacuumMobil/install/cleaning_planner/share/cleaning_planner/package.ps1'
[2.459s] INFO:colcon.colcon_core.shell:Creating package descriptor '/home/adam-warn/GigaVacuumMobil/install/cleaning_planner/share/cleaning_planner/package.dsv'
[2.460s] INFO:colcon.colcon_core.shell:Creating package script '/home/adam-warn/GigaVacuumMobil/install/cleaning_planner/share/cleaning_planner/package.sh'
[2.461s] INFO:colcon.colcon_core.shell:Creating package script '/home/adam-warn/GigaVacuumMobil/install/cleaning_planner/share/cleaning_planner/package.bash'
[2.461s] INFO:colcon.colcon_core.shell:Creating package script '/home/adam-warn/GigaVacuumMobil/install/cleaning_planner/share/cleaning_planner/package.zsh'
[2.461s] Level 1:colcon.colcon_core.environment:create_file_with_runtime_dependencies(/home/adam-warn/GigaVacuumMobil/install/cleaning_planner/share/colcon-core/packages/cleaning_planner)
[2.462s] DEBUG:colcon.colcon_parallel_executor.executor.parallel:closing loop
[2.462s] DEBUG:colcon.colcon_parallel_executor.executor.parallel:loop closed
[2.463s] DEBUG:colcon.colcon_parallel_executor.executor.parallel:run_until_complete finished with '0'
[2.463s] DEBUG:colcon.colcon_core.event_reactor:joining thread
[2.469s] INFO:colcon.colcon_core.plugin_system:Skipping extension 'colcon_notification.desktop_notification.terminal_notifier': Not used on non-Darwin systems
[2.469s] INFO:colcon.colcon_core.plugin_system:Skipping extension 'colcon_notification.desktop_notification.win32': Not used on non-Windows systems
[2.470s] INFO:colcon.colcon_notification.desktop_notification:Sending desktop notification using 'notify2'
[2.498s] DEBUG:colcon.colcon_core.event_reactor:joined thread
[2.499s] INFO:colcon.colcon_core.shell:Creating prefix script '/home/adam-warn/GigaVacuumMobil/install/local_setup.ps1'
[2.500s] INFO:colcon.colcon_core.shell:Creating prefix util module '/home/adam-warn/GigaVacuumMobil/install/_local_setup_util_ps1.py'
[2.501s] INFO:colcon.colcon_core.shell:Creating prefix chain script '/home/adam-warn/GigaVacuumMobil/install/setup.ps1'
[2.502s] INFO:colcon.colcon_core.shell:Creating prefix script '/home/adam-warn/GigaVacuumMobil/install/local_setup.sh'
[2.502s] INFO:colcon.colcon_core.shell:Creating prefix util module '/home/adam-warn/GigaVacuumMobil/install/_local_setup_util_sh.py'
[2.503s] INFO:colcon.colcon_core.shell:Creating prefix chain script '/home/adam-warn/GigaVacuumMobil/install/setup.sh'
[2.504s] INFO:colcon.colcon_core.shell:Creating prefix script '/home/adam-warn/GigaVacuumMobil/install/local_setup.bash'
[2.504s] INFO:colcon.colcon_core.shell:Creating prefix chain script '/home/adam-warn/GigaVacuumMobil/install/setup.bash'
[2.505s] INFO:colcon.colcon_core.shell:Creating prefix script '/home/adam-warn/GigaVacuumMobil/install/local_setup.zsh'
[2.505s] INFO:colcon.colcon_core.shell:Creating prefix chain script '/home/adam-warn/GigaVacuumMobil/install/setup.zsh'
