[100%] Built target GigaVacuumMobil
-- Install configuration: ""
-- Execute custom install script
-- Up-to-date symlink: /home/adam-warn/GigaVacuumMobil/install/GigaVacuumMobil/share/GigaVacuumMobil//GigaVacuumMobil.xml
-- Up-to-date symlink: /home/adam-warn/GigaVacuumMobil/install/GigaVacuumMobil/lib/libGigaVacuumMobil.so
-- Up-to-date symlink: /home/adam-warn/GigaVacuumMobil/install/GigaVacuumMobil/include/GigaVacuumMobil/GigaVacuumMobil/diffdrive_hardware.hpp
-- Up-to-date symlink: /home/adam-warn/GigaVacuumMobil/install/GigaVacuumMobil/share/GigaVacuumMobil//launch/gazebo.launch.py
-- Up-to-date symlink: /home/adam-warn/GigaVacuumMobil/install/GigaVacuumMobil/share/GigaVacuumMobil//launch/robot.launch.py
-- Up-to-date symlink: /home/adam-warn/GigaVacuumMobil/install/GigaVacuumMobil/share/GigaVacuumMobil//config/controllers.yaml
-- Up-to-date symlink: /home/adam-warn/GigaVacuumMobil/install/GigaVacuumMobil/share/GigaVacuumMobil//config/gz_bridge.yaml
-- Up-to-date symlink: /home/adam-warn/GigaVacuumMobil/install/GigaVacuumMobil/share/GigaVacuumMobil//config/robot.rviz
-- Up-to-date symlink: /home/adam-warn/GigaVacuumMobil/install/GigaVacuumMobil/share/GigaVacuumMobil//urdf/GigaVacuumMobile.urdf.xacro
-- Up-to-date symlink: /home/adam-warn/GigaVacuumMobil/install/GigaVacuumMobil/share/GigaVacuumMobil//worlds/vacuum_world.sdf
-- Up-to-date symlink: /home/adam-warn/GigaVacuumMobil/install/GigaVacuumMobil/share/GigaVacuumMobil//arduino/encoder_motor_driver.ino
-- Up-to-date symlink: /home/adam-warn/GigaVacuumMobil/install/GigaVacuumMobil/share/GigaVacuumMobil/environment/library_path.sh
-- Up-to-date symlink: /home/adam-warn/GigaVacuumMobil/install/GigaVacuumMobil/share/GigaVacuumMobil/environment/library_path.dsv
-- Up-to-date symlink: /home/adam-warn/GigaVacuumMobil/install/GigaVacuumMobil/share/ament_index/resource_index/package_run_dependencies/GigaVacuumMobil
-- Up-to-date symlink: /home/adam-warn/GigaVacuumMobil/install/GigaVacuumMobil/share/ament_index/resource_index/parent_prefix_path/GigaVacuumMobil
-- Up-to-date symlink: /home/adam-warn/GigaVacuumMobil/install/GigaVacuumMobil/share/GigaVacuumMobil/environment/ament_prefix_path.sh
-- Up-to-date symlink: /home/adam-warn/GigaVacuumMobil/install/GigaVacuumMobil/share/GigaVacuumMobil/environment/ament_prefix_path.dsv
-- Up-to-date symlink: /home/adam-warn/GigaVacuumMobil/install/GigaVacuumMobil/share/GigaVacuumMobil/environment/path.sh
-- Up-to-date symlink: /home/adam-warn/GigaVacuumMobil/install/GigaVacuumMobil/share/GigaVacuumMobil/environment/path.dsv
-- Up-to-date symlink: /home/adam-warn/GigaVacuumMobil/install/GigaVacuumMobil/share/GigaVacuumMobil/local_setup.bash
-- Up-to-date symlink: /home/adam-warn/GigaVacuumMobil/install/GigaVacuumMobil/share/GigaVacuumMobil/local_setup.sh
-- Up-to-date symlink: /home/adam-warn/GigaVacuumMobil/install/GigaVacuumMobil/share/GigaVacuumMobil/local_setup.zsh
-- Up-to-date symlink: /home/adam-warn/GigaVacuumMobil/install/GigaVacuumMobil/share/GigaVacuumMobil/local_setup.dsv
-- Symlinking: /home/adam-warn/GigaVacuumMobil/install/GigaVacuumMobil/share/GigaVacuumMobil/package.dsv
-- Up-to-date symlink: /home/adam-warn/GigaVacuumMobil/install/GigaVacuumMobil/share/ament_index/resource_index/packages/GigaVacuumMobil
-- Up-to-date symlink: /home/adam-warn/GigaVacuumMobil/install/GigaVacuumMobil/share/ament_index/resource_index/hardware_interface__pluginlib__plugin/GigaVacuumMobil
-- Up-to-date symlink: /home/adam-warn/GigaVacuumMobil/install/GigaVacuumMobil/share/GigaVacuumMobil/cmake/ament_cmake_export_include_directories-extras.cmake
-- Up-to-date symlink: /home/adam-warn/GigaVacuumMobil/install/GigaVacuumMobil/share/GigaVacuumMobil/cmake/ament_cmake_export_libraries-extras.cmake
-- Up-to-date symlink: /home/adam-warn/GigaVacuumMobil/install/GigaVacuumMobil/share/GigaVacuumMobil/cmake/ament_cmake_export_dependencies-extras.cmake
-- Up-to-date symlink: /home/adam-warn/GigaVacuumMobil/install/GigaVacuumMobil/share/GigaVacuumMobil/cmake/GigaVacuumMobilConfig.cmake
-- Up-to-date symlink: /home/adam-warn/GigaVacuumMobil/install/GigaVacuumMobil/share/GigaVacuumMobil/cmake/GigaVacuumMobilConfig-version.cmake
-- Up-to-date symlink: /home/adam-warn/GigaVacuumMobil/install/GigaVacuumMobil/share/GigaVacuumMobil/package.xml
