[0.013s] Invoking command in '/home/adam-warn/GigaVacuumMobil/build/GigaVacuumMobil': CMAKE_PREFIX_PATH=${CMAKE_PREFIX_PATH}:/opt/ros/jazzy DEBUGINFOD_URLS=https://debuginfod.ubuntu.com /usr/bin/cmake --build /home/adam-warn/GigaVacuumMobil/build/GigaVacuumMobil -- -j12 -l12
[0.097s] [100%] Built target GigaVacuumMobil
[0.113s] Invoked command in '/home/adam-warn/GigaVacuumMobil/build/GigaVacuumMobil' returned '0': CMAKE_PREFIX_PATH=${CMAKE_PREFIX_PATH}:/opt/ros/jazzy DEBUGINFOD_URLS=https://debuginfod.ubuntu.com /usr/bin/cmake --build /home/adam-warn/GigaVacuumMobil/build/GigaVacuumMobil -- -j12 -l12
[0.128s] Invoking command in '/home/adam-warn/GigaVacuumMobil/build/GigaVacuumMobil': CMAKE_PREFIX_PATH=${CMAKE_PREFIX_PATH}:/opt/ros/jazzy DEBUGINFOD_URLS=https://debuginfod.ubuntu.com /usr/bin/cmake --install /home/adam-warn/GigaVacuumMobil/build/GigaVacuumMobil
[0.138s] -- Install configuration: ""
[0.138s] -- Execute custom install script
[0.139s] -- Up-to-date symlink: /home/adam-warn/GigaVacuumMobil/install/GigaVacuumMobil/share/GigaVacuumMobil//GigaVacuumMobil.xml
[0.139s] -- Up-to-date symlink: /home/adam-warn/GigaVacuumMobil/install/GigaVacuumMobil/lib/libGigaVacuumMobil.so
[0.140s] -- Up-to-date symlink: /home/adam-warn/GigaVacuumMobil/install/GigaVacuumMobil/include/GigaVacuumMobil/GigaVacuumMobil/diffdrive_hardware.hpp
[0.140s] -- Up-to-date symlink: /home/adam-warn/GigaVacuumMobil/install/GigaVacuumMobil/share/GigaVacuumMobil//launch/gazebo.launch.py
[0.140s] -- Up-to-date symlink: /home/adam-warn/GigaVacuumMobil/install/GigaVacuumMobil/share/GigaVacuumMobil//launch/robot.launch.py
[0.141s] -- Up-to-date symlink: /home/adam-warn/GigaVacuumMobil/install/GigaVacuumMobil/share/GigaVacuumMobil//config/controllers.yaml
[0.141s] -- Up-to-date symlink: /home/adam-warn/GigaVacuumMobil/install/GigaVacuumMobil/share/GigaVacuumMobil//config/robot.rviz
[0.142s] -- Up-to-date symlink: /home/adam-warn/GigaVacuumMobil/install/GigaVacuumMobil/share/GigaVacuumMobil//config/robot_gazebo.rviz
[0.142s] -- Up-to-date symlink: /home/adam-warn/GigaVacuumMobil/install/GigaVacuumMobil/share/GigaVacuumMobil//urdf/GigaVacuumMobile.urdf.xacro
[0.142s] -- Up-to-date symlink: /home/adam-warn/GigaVacuumMobil/install/GigaVacuumMobil/share/GigaVacuumMobil//urdf/GigaVacuumMobile_gazebo.urdf.xacro
[0.143s] -- Up-to-date symlink: /home/adam-warn/GigaVacuumMobil/install/GigaVacuumMobil/share/GigaVacuumMobil//worlds/empty_world.sdf
[0.143s] -- Up-to-date symlink: /home/adam-warn/GigaVacuumMobil/install/GigaVacuumMobil/share/GigaVacuumMobil//worlds/test_world.sdf
[0.143s] -- Up-to-date symlink: /home/adam-warn/GigaVacuumMobil/install/GigaVacuumMobil/share/GigaVacuumMobil//arduino/encoder_motor_driver.ino
[0.143s] -- Up-to-date symlink: /home/adam-warn/GigaVacuumMobil/install/GigaVacuumMobil/share/GigaVacuumMobil/environment/library_path.sh
[0.143s] -- Up-to-date symlink: /home/adam-warn/GigaVacuumMobil/install/GigaVacuumMobil/share/GigaVacuumMobil/environment/library_path.dsv
[0.143s] -- Up-to-date symlink: /home/adam-warn/GigaVacuumMobil/install/GigaVacuumMobil/share/ament_index/resource_index/package_run_dependencies/GigaVacuumMobil
[0.143s] -- Up-to-date symlink: /home/adam-warn/GigaVacuumMobil/install/GigaVacuumMobil/share/ament_index/resource_index/parent_prefix_path/GigaVacuumMobil
[0.144s] -- Up-to-date symlink: /home/adam-warn/GigaVacuumMobil/install/GigaVacuumMobil/share/GigaVacuumMobil/environment/ament_prefix_path.sh
[0.144s] -- Up-to-date symlink: /home/adam-warn/GigaVacuumMobil/install/GigaVacuumMobil/share/GigaVacuumMobil/environment/ament_prefix_path.dsv
[0.144s] -- Up-to-date symlink: /home/adam-warn/GigaVacuumMobil/install/GigaVacuumMobil/share/GigaVacuumMobil/environment/path.sh
[0.144s] -- Up-to-date symlink: /home/adam-warn/GigaVacuumMobil/install/GigaVacuumMobil/share/GigaVacuumMobil/environment/path.dsv
[0.144s] -- Up-to-date symlink: /home/adam-warn/GigaVacuumMobil/install/GigaVacuumMobil/share/GigaVacuumMobil/local_setup.bash
[0.145s] -- Up-to-date symlink: /home/adam-warn/GigaVacuumMobil/install/GigaVacuumMobil/share/GigaVacuumMobil/local_setup.sh
[0.145s] -- Up-to-date symlink: /home/adam-warn/GigaVacuumMobil/install/GigaVacuumMobil/share/GigaVacuumMobil/local_setup.zsh
[0.145s] -- Up-to-date symlink: /home/adam-warn/GigaVacuumMobil/install/GigaVacuumMobil/share/GigaVacuumMobil/local_setup.dsv
[0.145s] -- Symlinking: /home/adam-warn/GigaVacuumMobil/install/GigaVacuumMobil/share/GigaVacuumMobil/package.dsv
[0.159s] -- Up-to-date symlink: /home/adam-warn/GigaVacuumMobil/install/GigaVacuumMobil/share/ament_index/resource_index/packages/GigaVacuumMobil
[0.159s] -- Up-to-date symlink: /home/adam-warn/GigaVacuumMobil/install/GigaVacuumMobil/share/ament_index/resource_index/hardware_interface__pluginlib__plugin/GigaVacuumMobil
[0.159s] -- Up-to-date symlink: /home/adam-warn/GigaVacuumMobil/install/GigaVacuumMobil/share/GigaVacuumMobil/cmake/ament_cmake_export_include_directories-extras.cmake
[0.160s] -- Up-to-date symlink: /home/adam-warn/GigaVacuumMobil/install/GigaVacuumMobil/share/GigaVacuumMobil/cmake/ament_cmake_export_libraries-extras.cmake
[0.160s] -- Up-to-date symlink: /home/adam-warn/GigaVacuumMobil/install/GigaVacuumMobil/share/GigaVacuumMobil/cmake/ament_cmake_export_dependencies-extras.cmake
[0.160s] -- Up-to-date symlink: /home/adam-warn/GigaVacuumMobil/install/GigaVacuumMobil/share/GigaVacuumMobil/cmake/GigaVacuumMobilConfig.cmake
[0.160s] -- Up-to-date symlink: /home/adam-warn/GigaVacuumMobil/install/GigaVacuumMobil/share/GigaVacuumMobil/cmake/GigaVacuumMobilConfig-version.cmake
[0.160s] -- Up-to-date symlink: /home/adam-warn/GigaVacuumMobil/install/GigaVacuumMobil/share/GigaVacuumMobil/package.xml
[0.163s] Invoked command in '/home/adam-warn/GigaVacuumMobil/build/GigaVacuumMobil' returned '0': CMAKE_PREFIX_PATH=${CMAKE_PREFIX_PATH}:/opt/ros/jazzy DEBUGINFOD_URLS=https://debuginfod.ubuntu.com /usr/bin/cmake --install /home/adam-warn/GigaVacuumMobil/build/GigaVacuumMobil
